2022-03-15 21:00:02,315 INFO [Heartbeat Monitor Thread-1] o.a.n.c.c.h.AbstractHeartbeatMonitor Finished processing 1 heartbeats in 7900 nanos
2022-03-15 21:00:02,580 INFO [Process Cluster Protocol Request-3] o.a.n.c.p.impl.SocketProtocolListener Finished processing request bfec20d8-9368-4027-a3a6-80e8c7e82bd2 (type=HEARTBEAT, length=2235 bytes) from mynifi:8080 in 979800 nanos
2022-03-15 21:00:02,583 INFO [Clustering Tasks Thread-1] o.a.n.c.c.ClusterProtocolHeartbeater Heartbeat created at 2022-03-15 21:00:02,575 and sent to mynifi:8082 at 2022-03-15 21:00:02,583; send took 7 millis
2022-03-15 21:00:04,430 INFO [Cleanup Archive for default] o.a.n.c.repository.FileSystemRepository Successfully deleted 0 files (0 bytes) from archive
2022-03-15 21:00:05,508 INFO [pool-13-thread-1] o.a.n.c.r.WriteAheadFlowFileRepository Initiating checkpoint of FlowFile Repository
2022-03-15 21:00:05,509 INFO [pool-13-thread-1] o.a.n.c.r.WriteAheadFlowFileRepository Successfully checkpointed FlowFile Repository with 0 records in 0 milliseconds
2022-03-15 21:00:07,330 INFO [Heartbeat Monitor Thread-1] o.a.n.c.c.h.AbstractHeartbeatMonitor Finished processing 1 heartbeats in 7500 nanos
2022-03-15 21:00:07,587 INFO [Process Cluster Protocol Request-4] o.a.n.c.p.impl.SocketProtocolListener Finished processing request 8ea955eb-e2ca-44c3-be73-7ccdbde3eb3f (type=HEARTBEAT, length=2235 bytes) from mynifi:8080 in 883700 nanos
2022-03-15 21:00:07,588 INFO [Clustering Tasks Thread-1] o.a.n.c.c.ClusterProtocolHeartbeater Heartbeat created at 2022-03-15 21:00:07,584 and sent to mynifi:8082 at 2022-03-15 21:00:07,588; send took 3 millis
2022-03-15 21:00:12,331 INFO [Heartbeat Monitor Thread-1] o.a.n.c.c.h.AbstractHeartbeatMonitor Finished processing 1 heartbeats in 7300 nanos
2022-03-15 21:00:12,595 INFO [Process Cluster Protocol Request-5] o.a.n.c.p.impl.SocketProtocolListener Finished processing request 31ee61d3-596f-4c25-a63f-adb2d351b711 (type=HEARTBEAT, length=2235 bytes) from mynifi:8080 in 1 millis
2022-03-15 21:00:12,597 INFO [Clustering Tasks Thread-1] o.a.n.c.c.ClusterProtocolHeartbeater Heartbeat created at 2022-03-15 21:00:12,589 and sent to mynifi:8082 at 2022-03-15 21:00:12,597; send took 7 millis
2022-03-15 21:00:17,332 INFO [Heartbeat Monitor Thread-1] o.a.n.c.c.h.AbstractHeartbeatMonitor Finished processing 1 heartbeats in 8100 nanos
2022-03-15 21:00:17,602 INFO [Process Cluster Protocol Request-6] o.a.n.c.p.impl.SocketProtocolListener Finished processing request 791541bc-0a65-4d03-afb8-fd0f3b16d7d4 (type=HEARTBEAT, length=2235 bytes) from mynifi:8080 in 898300 nanos
2022-03-15 21:00:17,603 INFO [Clustering Tasks Thread-1] o.a.n.c.c.ClusterProtocolHeartbeater Heartbeat created at 2022-03-15 21:00:17,598 and sent to mynifi:8082 at 2022-03-15 21:00:17,603; send took 4 millis
2022-03-15 21:00:22,334 INFO [Heartbeat Monitor Thread-1] o.a.n.c.c.h.AbstractHeartbeatMonitor Finished processing 1 heartbeats in 6600 nanos
2022-03-15 21:00:22,607 INFO [Process Cluster Protocol Request-7] o.a.n.c.p.impl.SocketProtocolListener Finished processing request 4fbc3d58-8bf9-460f-a03e-376fb79e887c (type=HEARTBEAT, length=2235 bytes) from mynifi:8080 in 849500 nanos
2022-03-15 21:00:22,609 INFO [Clustering Tasks Thread-1] o.a.n.c.c.ClusterProtocolHeartbeater Heartbeat created at 2022-03-15 21:00:22,604 and sent to mynifi:8082 at 2022-03-15 21:00:22,609; send took 4 millis
2022-03-15 21:00:25,510 INFO [pool-13-thread-1] o.a.n.c.r.WriteAheadFlowFileRepository Initiating checkpoint of FlowFile Repository
2022-03-15 21:00:25,511 INFO [pool-13-thread-1] o.a.n.c.r.WriteAheadFlowFileRepository Successfully checkpointed FlowFile Repository with 0 records in 0 milliseconds
2022-03-15 21:00:27,335 INFO [Heartbeat Monitor Thread-1] o.a.n.c.c.h.AbstractHeartbeatMonitor Finished processing 1 heartbeats in 7100 nanos
2022-03-15 21:00:27,614 INFO [Process Cluster Protocol Request-8] o.a.n.c.p.impl.SocketProtocolListener Finished processing request 80507860-6681-4757-b2e0-f281e5559b08 (type=HEARTBEAT, length=2235 bytes) from mynifi:8080 in 842700 nanos
2022-03-15 21:00:27,615 INFO [Clustering Tasks Thread-1] o.a.n.c.c.ClusterProtocolHeartbeater Heartbeat created at 2022-03-15 21:00:27,610 and sent to mynifi:8082 at 2022-03-15 21:00:27,615; send took 5 millis
2022-03-15 21:00:32,336 INFO [Heartbeat Monitor Thread-1] o.a.n.c.c.h.AbstractHeartbeatMonitor Finished processing 1 heartbeats in 7300 nanos
2022-03-15 21:00:32,622 INFO [Process Cluster Protocol Request-9] o.a.n.c.p.impl.SocketProtocolListener Finished processing request 323ece20-d5bb-4d21-83c6-dbe31ed122a6 (type=HEARTBEAT, length=2235 bytes) from mynifi:8080 in 904000 nanos
2022-03-15 21:00:32,624 INFO [Clustering Tasks Thread-1] o.a.n.c.c.ClusterProtocolHeartbeater Heartbeat created at 2022-03-15 21:00:32,617 and sent to mynifi:8082 at 2022-03-15 21:00:32,624; send took 6 millis
2022-03-15 21:00:37,337 INFO [Heartbeat Monitor Thread-1] o.a.n.c.c.h.AbstractHeartbeatMonitor Finished processing 1 heartbeats in 7900 nanos
2022-03-15 21:00:37,629 INFO [Process Cluster Protocol Request-10] o.a.n.c.p.impl.SocketProtocolListener Finished processing request 99ef0944-f50f-4bf1-8775-e6721a8c6616 (type=HEARTBEAT, length=2235 bytes) from mynifi:8080 in 798800 nanos
2022-03-15 21:00:37,630 INFO [Clustering Tasks Thread-1] o.a.n.c.c.ClusterProtocolHeartbeater Heartbeat created at 2022-03-15 21:00:37,625 and sent to mynifi:8082 at 2022-03-15 21:00:37,630; send took 4 millis
2022-03-15 21:00:42,339 INFO [Heartbeat Monitor Thread-1] o.a.n.c.c.h.AbstractHeartbeatMonitor Finished processing 1 heartbeats in 7400 nanos
2022-03-15 21:00:42,635 INFO [Process Cluster Protocol Request-1] o.a.n.c.p.impl.SocketProtocolListener Finished processing request 2a9b6b4c-1619-4687-acef-1bf5a2f1d9e0 (type=HEARTBEAT, length=2235 bytes) from mynifi:8080 in 1 millis
2022-03-15 21:00:42,637 INFO [Clustering Tasks Thread-1] o.a.n.c.c.ClusterProtocolHeartbeater Heartbeat created at 2022-03-15 21:00:42,631 and sent to mynifi:8082 at 2022-03-15 21:00:42,637; send took 5 millis
2022-03-15 21:00:45,447 INFO [Write-Ahead Local State Provider Maintenance] org.wali.MinimalLockingWriteAheadLog org.wali.MinimalLockingWriteAheadLog@28728558 checkpointed with 4 Records and 0 Swap Files in 219 milliseconds (Stop-the-world time = 74 milliseconds, Clear Edit Logs time = 127 millis), max Transaction ID 73
2022-03-15 21:00:45,512 INFO [pool-13-thread-1] o.a.n.c.r.WriteAheadFlowFileRepository Initiating checkpoint of FlowFile Repository
2022-03-15 21:00:45,513 INFO [pool-13-thread-1] o.a.n.c.r.WriteAheadFlowFileRepository Successfully checkpointed FlowFile Repository with 0 records in 0 milliseconds
2022-03-15 21:00:47,340 INFO [Heartbeat Monitor Thread-1] o.a.n.c.c.h.AbstractHeartbeatMonitor Finished processing 1 heartbeats in 7500 nanos
2022-03-15 21:00:47,643 INFO [Process Cluster Protocol Request-2] o.a.n.c.p.impl.SocketProtocolListener Finished processing request fd4423ce-6050-431a-be7f-12c707941951 (type=HEARTBEAT, length=2235 bytes) from mynifi:8080 in 1 millis
2022-03-15 21:00:47,644 INFO [Clustering Tasks Thread-1] o.a.n.c.c.ClusterProtocolHeartbeater Heartbeat created at 2022-03-15 21:00:47,637 and sent to mynifi:8082 at 2022-03-15 21:00:47,644; send took 6 millis
2022-03-15 21:00:52,341 INFO [Heartbeat Monitor Thread-1] o.a.n.c.c.h.AbstractHeartbeatMonitor Finished processing 1 heartbeats in 7400 nanos
2022-03-15 21:00:52,649 INFO [Process Cluster Protocol Request-3] o.a.n.c.p.impl.SocketProtocolListener Finished processing request f5383b23-deb2-4099-b8a3-b5ca6d26a0ee (type=HEARTBEAT, length=2235 bytes) from mynifi:8080 in 812700 nanos
2022-03-15 21:00:52,650 INFO [Clustering Tasks Thread-1] o.a.n.c.c.ClusterProtocolHeartbeater Heartbeat created at 2022-03-15 21:00:52,645 and sent to mynifi:8082 at 2022-03-15 21:00:52,650; send took 4 millis
2022-03-15 21:00:57,343 INFO [Heartbeat Monitor Thread-1] o.a.n.c.c.h.AbstractHeartbeatMonitor Finished processing 1 heartbeats in 6900 nanos
2022-03-15 21:00:57,656 INFO [Process Cluster Protocol Request-4] o.a.n.c.p.impl.SocketProtocolListener Finished processing request 4c04965d-69ac-4fb9-a912-d93996ed1fa1 (type=HEARTBEAT, length=2235 bytes) from mynifi:8080 in 977100 nanos
2022-03-15 21:00:57,657 INFO [Clustering Tasks Thread-1] o.a.n.c.c.ClusterProtocolHeartbeater Heartbeat created at 2022-03-15 21:00:57,652 and sent to mynifi:8082 at 2022-03-15 21:00:57,657; send took 4 millis
2022-03-15 21:01:02,344 INFO [Heartbeat Monitor Thread-1] o.a.n.c.c.h.AbstractHeartbeatMonitor Finished processing 1 heartbeats in 26300 nanos
2022-03-15 21:01:02,661 INFO [Process Cluster Protocol Request-5] o.a.n.c.p.impl.SocketProtocolListener Finished processing request e48e9330-ccd1-4b90-b28c-edbf0c731547 (type=HEARTBEAT, length=2235 bytes) from mynifi:8080 in 937300 nanos
2022-03-15 21:01:02,662 INFO [Clustering Tasks Thread-1] o.a.n.c.c.ClusterProtocolHeartbeater Heartbeat created at 2022-03-15 21:01:02,658 and sent to mynifi:8082 at 2022-03-15 21:01:02,662; send took 4 millis
2022-03-15 21:01:05,192 INFO [Cleanup Archive for default] o.a.n.c.repository.FileSystemRepository Successfully deleted 0 files (0 bytes) from archive
2022-03-15 21:01:05,514 INFO [pool-13-thread-1] o.a.n.c.r.WriteAheadFlowFileRepository Initiating checkpoint of FlowFile Repository
2022-03-15 21:01:05,514 INFO [pool-13-thread-1] o.a.n.c.r.WriteAheadFlowFileRepository Successfully checkpointed FlowFile Repository with 0 records in 0 milliseconds
2022-03-15 21:01:07,345 INFO [Heartbeat Monitor Thread-1] o.a.n.c.c.h.AbstractHeartbeatMonitor Finished processing 1 heartbeats in 6800 nanos
2022-03-15 21:01:07,667 INFO [Process Cluster Protocol Request-6] o.a.n.c.p.impl.SocketProtocolListener Finished processing request f963802a-062b-4a3b-add4-1c68937337a7 (type=HEARTBEAT, length=2235 bytes) from mynifi:8080 in 1 millis
2022-03-15 21:01:07,668 INFO [Clustering Tasks Thread-2] o.a.n.c.c.ClusterProtocolHeartbeater Heartbeat created at 2022-03-15 21:01:07,664 and sent to mynifi:8082 at 2022-03-15 21:01:07,668; send took 4 millis
2022-03-15 21:01:12,347 INFO [Heartbeat Monitor Thread-1] o.a.n.c.c.h.AbstractHeartbeatMonitor Finished processing 1 heartbeats in 7300 nanos
2022-03-15 21:01:12,674 INFO [Process Cluster Protocol Request-7] o.a.n.c.p.impl.SocketProtocolListener Finished processing request 79d29bad-be6a-4be7-b8ec-b59ea43a7660 (type=HEARTBEAT, length=2235 bytes) from mynifi:8080 in 1 millis
2022-03-15 21:01:12,675 INFO [Clustering Tasks Thread-2] o.a.n.c.c.ClusterProtocolHeartbeater Heartbeat created at 2022-03-15 21:01:12,670 and sent to mynifi:8082 at 2022-03-15 21:01:12,675; send took 5 millis
2022-03-15 21:01:17,348 INFO [Heartbeat Monitor Thread-1] o.a.n.c.c.h.AbstractHeartbeatMonitor Finished processing 1 heartbeats in 6800 nanos
2022-03-15 21:01:17,681 INFO [Process Cluster Protocol Request-8] o.a.n.c.p.impl.SocketProtocolListener Finished processing request aae306c8-a325-4509-ac67-6c124da80677 (type=HEARTBEAT, length=2235 bytes) from mynifi:8080 in 1 millis
2022-03-15 21:01:17,681 INFO [Clustering Tasks Thread-2] o.a.n.c.c.ClusterProtocolHeartbeater Heartbeat created at 2022-03-15 21:01:17,676 and sent to mynifi:8082 at 2022-03-15 21:01:17,681; send took 5 millis
2022-03-15 21:01:22,350 INFO [Heartbeat Monitor Thread-1] o.a.n.c.c.h.AbstractHeartbeatMonitor Finished processing 1 heartbeats in 25000 nanos
2022-03-15 21:01:22,686 INFO [Process Cluster Protocol Request-9] o.a.n.c.p.impl.SocketProtocolListener Finished processing request 0055bff1-9d9b-4db3-a75f-e7ca5b75c4fc (type=HEARTBEAT, length=2235 bytes) from mynifi:8080 in 937100 nanos
2022-03-15 21:01:22,688 INFO [Clustering Tasks Thread-2] o.a.n.c.c.ClusterProtocolHeartbeater Heartbeat created at 2022-03-15 21:01:22,683 and sent to mynifi:8082 at 2022-03-15 21:01:22,688; send took 4 millis
2022-03-15 21:01:25,515 INFO [pool-13-thread-1] o.a.n.c.r.WriteAheadFlowFileRepository Initiating checkpoint of FlowFile Repository
2022-03-15 21:01:25,516 INFO [pool-13-thread-1] o.a.n.c.r.WriteAheadFlowFileRepository Successfully checkpointed FlowFile Repository with 0 records in 0 milliseconds
2022-03-15 21:01:27,351 INFO [Heartbeat Monitor Thread-1] o.a.n.c.c.h.AbstractHeartbeatMonitor Finished processing 1 heartbeats in 6600 nanos
2022-03-15 21:01:27,693 INFO [Process Cluster Protocol Request-10] o.a.n.c.p.impl.SocketProtocolListener Finished processing request e055a201-0aa3-487b-98be-0d7f3e4fb23a (type=HEARTBEAT, length=2235 bytes) from mynifi:8080 in 1 millis
2022-03-15 21:01:27,694 INFO [Clustering Tasks Thread-2] o.a.n.c.c.ClusterProtocolHeartbeater Heartbeat created at 2022-03-15 21:01:27,689 and sent to mynifi:8082 at 2022-03-15 21:01:27,694; send took 4 millis
2022-03-15 21:01:32,352 INFO [Heartbeat Monitor Thread-1] o.a.n.c.c.h.AbstractHeartbeatMonitor Finished processing 1 heartbeats in 7500 nanos
2022-03-15 21:01:32,699 INFO [Process Cluster Protocol Request-1] o.a.n.c.p.impl.SocketProtocolListener Finished processing request c810046f-ee6c-4a7b-93f8-4933b0362d05 (type=HEARTBEAT, length=2235 bytes) from mynifi:8080 in 856400 nanos
2022-03-15 21:01:32,701 INFO [Clustering Tasks Thread-2] o.a.n.c.c.ClusterProtocolHeartbeater Heartbeat created at 2022-03-15 21:01:32,695 and sent to mynifi:8082 at 2022-03-15 21:01:32,701; send took 5 millis
2022-03-15 21:01:37,354 INFO [Heartbeat Monitor Thread-1] o.a.n.c.c.h.AbstractHeartbeatMonitor Finished processing 1 heartbeats in 8000 nanos
2022-03-15 21:01:37,705 INFO [Process Cluster Protocol Request-2] o.a.n.c.p.impl.SocketProtocolListener Finished processing request 7c4b4ad4-75b7-4a3c-9b58-4e1ed4f6af3f (type=HEARTBEAT, length=2235 bytes) from mynifi:8080 in 1 millis
2022-03-15 21:01:37,707 INFO [Clustering Tasks Thread-2] o.a.n.c.c.ClusterProtocolHeartbeater Heartbeat created at 2022-03-15 21:01:37,702 and sent to mynifi:8082 at 2022-03-15 21:01:37,707; send took 4 millis
2022-03-15 21:01:42,355 INFO [Heartbeat Monitor Thread-1] o.a.n.c.c.h.AbstractHeartbeatMonitor Finished processing 1 heartbeats in 7700 nanos
2022-03-15 21:01:42,711 INFO [Process Cluster Protocol Request-3] o.a.n.c.p.impl.SocketProtocolListener Finished processing request d3a10b12-5aba-47fa-9bd7-d6b3fd9ca456 (type=HEARTBEAT, length=2235 bytes) from mynifi:8080 in 798800 nanos
2022-03-15 21:01:42,712 INFO [Clustering Tasks Thread-2] o.a.n.c.c.ClusterProtocolHeartbeater Heartbeat created at 2022-03-15 21:01:42,707 and sent to mynifi:8082 at 2022-03-15 21:01:42,712; send took 4 millis
2022-03-15 21:01:45,517 INFO [pool-13-thread-1] o.a.n.c.r.WriteAheadFlowFileRepository Initiating checkpoint of FlowFile Repository
2022-03-15 21:01:45,518 INFO [pool-13-thread-1] o.a.n.c.r.WriteAheadFlowFileRepository Successfully checkpointed FlowFile Repository with 0 records in 0 milliseconds
2022-03-15 21:01:47,356 INFO [Heartbeat Monitor Thread-1] o.a.n.c.c.h.AbstractHeartbeatMonitor Finished processing 1 heartbeats in 6800 nanos
2022-03-15 21:01:47,717 INFO [Process Cluster Protocol Request-4] o.a.n.c.p.impl.SocketProtocolListener Finished processing request 77d815ca-b59c-4807-a96d-d9acbd1e2869 (type=HEARTBEAT, length=2235 bytes) from mynifi:8080 in 807300 nanos
2022-03-15 21:01:47,717 INFO [Clustering Tasks Thread-2] o.a.n.c.c.ClusterProtocolHeartbeater Heartbeat created at 2022-03-15 21:01:47,713 and sent to mynifi:8082 at 2022-03-15 21:01:47,717; send took 4 millis
2022-03-15 21:01:52,357 INFO [Heartbeat Monitor Thread-1] o.a.n.c.c.h.AbstractHeartbeatMonitor Finished processing 1 heartbeats in 7300 nanos
2022-03-15 21:01:52,724 INFO [Process Cluster Protocol Request-5] o.a.n.c.p.impl.SocketProtocolListener Finished processing request d10d7ce4-0c3a-4255-bf7e-5380fe9ec58a (type=HEARTBEAT, length=2235 bytes) from mynifi:8080 in 1 millis
2022-03-15 21:01:52,725 INFO [Clustering Tasks Thread-2] o.a.n.c.c.ClusterProtocolHeartbeater Heartbeat created at 2022-03-15 21:01:52,720 and sent to mynifi:8082 at 2022-03-15 21:01:52,725; send took 5 millis
2022-03-15 21:01:57,359 INFO [Heartbeat Monitor Thread-1] o.a.n.c.c.h.AbstractHeartbeatMonitor Finished processing 1 heartbeats in 25100 nanos
2022-03-15 21:01:57,730 INFO [Process Cluster Protocol Request-6] o.a.n.c.p.impl.SocketProtocolListener Finished processing request ff70c974-d786-499f-877b-893b87b7fe8f (type=HEARTBEAT, length=2235 bytes) from mynifi:8080 in 1 millis
2022-03-15 21:01:57,731 INFO [Clustering Tasks Thread-2] o.a.n.c.c.ClusterProtocolHeartbeater Heartbeat created at 2022-03-15 21:01:57,726 and sent to mynifi:8082 at 2022-03-15 21:01:57,731; send took 4 millis
2022-03-15 21:02:02,360 INFO [Heartbeat Monitor Thread-1] o.a.n.c.c.h.AbstractHeartbeatMonitor Finished processing 1 heartbeats in 6900 nanos
2022-03-15 21:02:02,736 INFO [Process Cluster Protocol Request-7] o.a.n.c.p.impl.SocketProtocolListener Finished processing request 2730f008-090a-4cd1-a5d0-5bd7a84f324c (type=HEARTBEAT, length=2235 bytes) from mynifi:8080 in 1 millis
2022-03-15 21:02:02,738 INFO [Clustering Tasks Thread-2] o.a.n.c.c.ClusterProtocolHeartbeater Heartbeat created at 2022-03-15 21:02:02,732 and sent to mynifi:8082 at 2022-03-15 21:02:02,738; send took 5 millis
2022-03-15 21:02:05,519 INFO [pool-13-thread-1] o.a.n.c.r.WriteAheadFlowFileRepository Initiating checkpoint of FlowFile Repository
2022-03-15 21:02:05,519 INFO [pool-13-thread-1] o.a.n.c.r.WriteAheadFlowFileRepository Successfully checkpointed FlowFile Repository with 0 records in 0 milliseconds
2022-03-15 21:02:05,967 INFO [Cleanup Archive for default] o.a.n.c.repository.FileSystemRepository Successfully deleted 0 files (0 bytes) from archive
2022-03-15 21:02:07,361 INFO [Heartbeat Monitor Thread-1] o.a.n.c.c.h.AbstractHeartbeatMonitor Finished processing 1 heartbeats in 35400 nanos
2022-03-15 21:02:07,743 INFO [Process Cluster Protocol Request-8] o.a.n.c.p.impl.SocketProtocolListener Finished processing request 79aa2df6-22fa-44de-a98f-3fb75c2404c9 (type=HEARTBEAT, length=2235 bytes) from mynifi:8080 in 1 millis
2022-03-15 21:02:07,744 INFO [Clustering Tasks Thread-2] o.a.n.c.c.ClusterProtocolHeartbeater Heartbeat created at 2022-03-15 21:02:07,739 and sent to mynifi:8082 at 2022-03-15 21:02:07,744; send took 5 millis
2022-03-15 21:02:12,362 INFO [Heartbeat Monitor Thread-1] o.a.n.c.c.h.AbstractHeartbeatMonitor Finished processing 1 heartbeats in 6600 nanos
2022-03-15 21:02:12,749 INFO [Process Cluster Protocol Request-9] o.a.n.c.p.impl.SocketProtocolListener Finished processing request ee631044-1432-489f-aa8c-2c5840b3f324 (type=HEARTBEAT, length=2235 bytes) from mynifi:8080 in 1 millis
2022-03-15 21:02:12,750 INFO [Clustering Tasks Thread-2] o.a.n.c.c.ClusterProtocolHeartbeater Heartbeat created at 2022-03-15 21:02:12,745 and sent to mynifi:8082 at 2022-03-15 21:02:12,750; send took 4 millis
2022-03-15 21:02:17,364 INFO [Heartbeat Monitor Thread-1] o.a.n.c.c.h.AbstractHeartbeatMonitor Finished processing 1 heartbeats in 7500 nanos
2022-03-15 21:02:17,755 INFO [Process Cluster Protocol Request-10] o.a.n.c.p.impl.SocketProtocolListener Finished processing request 13812958-ae50-4526-a577-9b3c44fc5c4b (type=HEARTBEAT, length=2235 bytes) from mynifi:8080 in 971000 nanos
2022-03-15 21:02:17,757 INFO [Clustering Tasks Thread-2] o.a.n.c.c.ClusterProtocolHeartbeater Heartbeat created at 2022-03-15 21:02:17,751 and sent to mynifi:8082 at 2022-03-15 21:02:17,757; send took 5 millis
2022-03-15 21:02:22,365 INFO [Heartbeat Monitor Thread-1] o.a.n.c.c.h.AbstractHeartbeatMonitor Finished processing 1 heartbeats in 7000 nanos
2022-03-15 21:02:22,762 INFO [Process Cluster Protocol Request-1] o.a.n.c.p.impl.SocketProtocolListener Finished processing request 6d51184a-75bd-4345-ba20-e32cf6bd77a1 (type=HEARTBEAT, length=2235 bytes) from mynifi:8080 in 811800 nanos
2022-03-15 21:02:22,763 INFO [Clustering Tasks Thread-2] o.a.n.c.c.ClusterProtocolHeartbeater Heartbeat created at 2022-03-15 21:02:22,758 and sent to mynifi:8082 at 2022-03-15 21:02:22,763; send took 4 millis
2022-03-15 21:02:25,520 INFO [pool-13-thread-1] o.a.n.c.r.WriteAheadFlowFileRepository Initiating checkpoint of FlowFile Repository
2022-03-15 21:02:25,521 INFO [pool-13-thread-1] o.a.n.c.r.WriteAheadFlowFileRepository Successfully checkpointed FlowFile Repository with 0 records in 0 milliseconds
2022-03-15 21:02:27,366 INFO [Heartbeat Monitor Thread-1] o.a.n.c.c.h.AbstractHeartbeatMonitor Finished processing 1 heartbeats in 7700 nanos
2022-03-15 21:02:27,768 INFO [Process Cluster Protocol Request-2] o.a.n.c.p.impl.SocketProtocolListener Finished processing request 8bf6338b-826f-48a7-b127-9cc66b6f1902 (type=HEARTBEAT, length=2235 bytes) from mynifi:8080 in 865200 nanos
2022-03-15 21:02:27,770 INFO [Clustering Tasks Thread-2] o.a.n.c.c.ClusterProtocolHeartbeater Heartbeat created at 2022-03-15 21:02:27,764 and sent to mynifi:8082 at 2022-03-15 21:02:27,770; send took 5 millis
2022-03-15 21:02:32,368 INFO [Heartbeat Monitor Thread-1] o.a.n.c.c.h.AbstractHeartbeatMonitor Finished processing 1 heartbeats in 8300 nanos
2022-03-15 21:02:32,775 INFO [Process Cluster Protocol Request-3] o.a.n.c.p.impl.SocketProtocolListener Finished processing request a2c0f712-1f6d-41f5-97d4-642d85fcaf0a (type=HEARTBEAT, length=2235 bytes) from mynifi:8080 in 861000 nanos
2022-03-15 21:02:32,776 INFO [Clustering Tasks Thread-2] o.a.n.c.c.ClusterProtocolHeartbeater Heartbeat created at 2022-03-15 21:02:32,771 and sent to mynifi:8082 at 2022-03-15 21:02:32,776; send took 4 millis
2022-03-15 21:02:37,370 INFO [Heartbeat Monitor Thread-1] o.a.n.c.c.h.AbstractHeartbeatMonitor Finished processing 1 heartbeats in 11200 nanos
2022-03-15 21:02:37,780 INFO [Process Cluster Protocol Request-4] o.a.n.c.p.impl.SocketProtocolListener Finished processing request cf9e49a2-f8b1-47c6-a8a5-33af1627c8d9 (type=HEARTBEAT, length=2235 bytes) from mynifi:8080 in 1 millis
2022-03-15 21:02:37,782 INFO [Clustering Tasks Thread-2] o.a.n.c.c.ClusterProtocolHeartbeater Heartbeat created at 2022-03-15 21:02:37,777 and sent to mynifi:8082 at 2022-03-15 21:02:37,782; send took 4 millis
2022-03-15 21:02:42,371 INFO [Heartbeat Monitor Thread-1] o.a.n.c.c.h.AbstractHeartbeatMonitor Finished processing 1 heartbeats in 32500 nanos
2022-03-15 21:02:42,787 INFO [Process Cluster Protocol Request-5] o.a.n.c.p.impl.SocketProtocolListener Finished processing request f0abffbb-fd2d-409e-8561-165d926eea8a (type=HEARTBEAT, length=2235 bytes) from mynifi:8080 in 1 millis
2022-03-15 21:02:42,788 INFO [Clustering Tasks Thread-2] o.a.n.c.c.ClusterProtocolHeartbeater Heartbeat created at 2022-03-15 21:02:42,783 and sent to mynifi:8082 at 2022-03-15 21:02:42,788; send took 4 millis
2022-03-15 21:02:45,522 INFO [pool-13-thread-1] o.a.n.c.r.WriteAheadFlowFileRepository Initiating checkpoint of FlowFile Repository
2022-03-15 21:02:45,522 INFO [pool-13-thread-1] o.a.n.c.r.WriteAheadFlowFileRepository Successfully checkpointed FlowFile Repository with 0 records in 0 milliseconds
2022-03-15 21:02:45,681 INFO [Write-Ahead Local State Provider Maintenance] org.wali.MinimalLockingWriteAheadLog org.wali.MinimalLockingWriteAheadLog@28728558 checkpointed with 4 Records and 0 Swap Files in 233 milliseconds (Stop-the-world time = 70 milliseconds, Clear Edit Logs time = 147 millis), max Transaction ID 73
2022-03-15 21:02:47,372 INFO [Heartbeat Monitor Thread-1] o.a.n.c.c.h.AbstractHeartbeatMonitor Finished processing 1 heartbeats in 8300 nanos
2022-03-15 21:02:47,792 INFO [Process Cluster Protocol Request-6] o.a.n.c.p.impl.SocketProtocolListener Finished processing request a69cbc8f-3fa5-4de9-9599-de7d562f147b (type=HEARTBEAT, length=2235 bytes) from mynifi:8080 in 1 millis
2022-03-15 21:02:47,793 INFO [Clustering Tasks Thread-2] o.a.n.c.c.ClusterProtocolHeartbeater Heartbeat created at 2022-03-15 21:02:47,789 and sent to mynifi:8082 at 2022-03-15 21:02:47,793; send took 4 millis
2022-03-15 21:02:52,373 INFO [Heartbeat Monitor Thread-1] o.a.n.c.c.h.AbstractHeartbeatMonitor Finished processing 1 heartbeats in 8600 nanos
2022-03-15 21:02:52,798 INFO [Process Cluster Protocol Request-7] o.a.n.c.p.impl.SocketProtocolListener Finished processing request d57618ea-b906-4c2b-a1ce-dcf30d19b0a2 (type=HEARTBEAT, length=2235 bytes) from mynifi:8080 in 927300 nanos
2022-03-15 21:02:52,800 INFO [Clustering Tasks Thread-2] o.a.n.c.c.ClusterProtocolHeartbeater Heartbeat created at 2022-03-15 21:02:52,794 and sent to mynifi:8082 at 2022-03-15 21:02:52,800; send took 5 millis
2022-03-15 21:02:57,375 INFO [Heartbeat Monitor Thread-1] o.a.n.c.c.h.AbstractHeartbeatMonitor Finished processing 1 heartbeats in 11000 nanos
2022-03-15 21:02:57,804 INFO [Process Cluster Protocol Request-8] o.a.n.c.p.impl.SocketProtocolListener Finished processing request e31aa831-fb38-4a15-8def-766411766903 (type=HEARTBEAT, length=2235 bytes) from mynifi:8080 in 832700 nanos
2022-03-15 21:02:57,806 INFO [Clustering Tasks Thread-2] o.a.n.c.c.ClusterProtocolHeartbeater Heartbeat created at 2022-03-15 21:02:57,801 and sent to mynifi:8082 at 2022-03-15 21:02:57,806; send took 4 millis
2022-03-15 21:03:02,376 INFO [Heartbeat Monitor Thread-1] o.a.n.c.c.h.AbstractHeartbeatMonitor Finished processing 1 heartbeats in 7100 nanos
2022-03-15 21:03:02,810 INFO [Process Cluster Protocol Request-9] o.a.n.c.p.impl.SocketProtocolListener Finished processing request b00e3096-9fff-4714-b042-41eafee767d7 (type=HEARTBEAT, length=2235 bytes) from mynifi:8080 in 836800 nanos
2022-03-15 21:03:02,812 INFO [Clustering Tasks Thread-2] o.a.n.c.c.ClusterProtocolHeartbeater Heartbeat created at 2022-03-15 21:03:02,806 and sent to mynifi:8082 at 2022-03-15 21:03:02,811; send took 5 millis
2022-03-15 21:03:05,523 INFO [pool-13-thread-1] o.a.n.c.r.WriteAheadFlowFileRepository Initiating checkpoint of FlowFile Repository
2022-03-15 21:03:05,524 INFO [pool-13-thread-1] o.a.n.c.r.WriteAheadFlowFileRepository Successfully checkpointed FlowFile Repository with 0 records in 0 milliseconds
2022-03-15 21:03:06,607 INFO [Cleanup Archive for default] o.a.n.c.repository.FileSystemRepository Successfully deleted 0 files (0 bytes) from archive
2022-03-15 21:03:07,378 INFO [Heartbeat Monitor Thread-1] o.a.n.c.c.h.AbstractHeartbeatMonitor Finished processing 1 heartbeats in 6900 nanos
2022-03-15 21:03:07,816 INFO [Process Cluster Protocol Request-10] o.a.n.c.p.impl.SocketProtocolListener Finished processing request 40f7b243-befb-41ad-a7c6-27141168c11d (type=HEARTBEAT, length=2235 bytes) from mynifi:8080 in 941800 nanos
2022-03-15 21:03:07,817 INFO [Clustering Tasks Thread-2] o.a.n.c.c.ClusterProtocolHeartbeater Heartbeat created at 2022-03-15 21:03:07,813 and sent to mynifi:8082 at 2022-03-15 21:03:07,817; send took 4 millis
2022-03-15 21:03:12,379 INFO [Heartbeat Monitor Thread-1] o.a.n.c.c.h.AbstractHeartbeatMonitor Finished processing 1 heartbeats in 8600 nanos
2022-03-15 21:03:12,822 INFO [Process Cluster Protocol Request-1] o.a.n.c.p.impl.SocketProtocolListener Finished processing request 393b6759-0178-4c6f-87b8-34e04f10e419 (type=HEARTBEAT, length=2235 bytes) from mynifi:8080 in 1 millis
2022-03-15 21:03:12,823 INFO [Clustering Tasks Thread-2] o.a.n.c.c.ClusterProtocolHeartbeater Heartbeat created at 2022-03-15 21:03:12,818 and sent to mynifi:8082 at 2022-03-15 21:03:12,823; send took 4 millis
2022-03-15 21:03:17,380 INFO [Heartbeat Monitor Thread-1] o.a.n.c.c.h.AbstractHeartbeatMonitor Finished processing 1 heartbeats in 7100 nanos
2022-03-15 21:03:17,828 INFO [Process Cluster Protocol Request-2] o.a.n.c.p.impl.SocketProtocolListener Finished processing request b205e717-b20a-4ab4-8c57-bdb1b057e5c4 (type=HEARTBEAT, length=2235 bytes) from mynifi:8080 in 773000 nanos
2022-03-15 21:03:17,829 INFO [Clustering Tasks Thread-2] o.a.n.c.c.ClusterProtocolHeartbeater Heartbeat created at 2022-03-15 21:03:17,824 and sent to mynifi:8082 at 2022-03-15 21:03:17,829; send took 4 millis
2022-03-15 21:03:22,381 INFO [Heartbeat Monitor Thread-1] o.a.n.c.c.h.AbstractHeartbeatMonitor Finished processing 1 heartbeats in 7500 nanos
2022-03-15 21:03:22,833 INFO [Process Cluster Protocol Request-3] o.a.n.c.p.impl.SocketProtocolListener Finished processing request 8964b183-07b3-47f5-bd11-567cdc5232be (type=HEARTBEAT, length=2235 bytes) from mynifi:8080 in 805100 nanos
2022-03-15 21:03:22,836 INFO [Clustering Tasks Thread-2] o.a.n.c.c.ClusterProtocolHeartbeater Heartbeat created at 2022-03-15 21:03:22,830 and sent to mynifi:8082 at 2022-03-15 21:03:22,836; send took 5 millis
2022-03-15 21:03:25,525 INFO [pool-13-thread-1] o.a.n.c.r.WriteAheadFlowFileRepository Initiating checkpoint of FlowFile Repository
2022-03-15 21:03:25,526 INFO [pool-13-thread-1] o.a.n.c.r.WriteAheadFlowFileRepository Successfully checkpointed FlowFile Repository with 0 records in 0 milliseconds
2022-03-15 21:03:27,382 INFO [Heartbeat Monitor Thread-1] o.a.n.c.c.h.AbstractHeartbeatMonitor Finished processing 1 heartbeats in 6800 nanos
2022-03-15 21:03:27,840 INFO [Process Cluster Protocol Request-4] o.a.n.c.p.impl.SocketProtocolListener Finished processing request 9aa1c762-1e3a-423e-a26e-d67263befe7a (type=HEARTBEAT, length=2235 bytes) from mynifi:8080 in 1 millis
2022-03-15 21:03:27,841 INFO [Clustering Tasks Thread-2] o.a.n.c.c.ClusterProtocolHeartbeater Heartbeat created at 2022-03-15 21:03:27,836 and sent to mynifi:8082 at 2022-03-15 21:03:27,841; send took 4 millis
2022-03-15 21:03:32,384 INFO [Heartbeat Monitor Thread-1] o.a.n.c.c.h.AbstractHeartbeatMonitor Finished processing 1 heartbeats in 7200 nanos
2022-03-15 21:03:32,846 INFO [Process Cluster Protocol Request-5] o.a.n.c.p.impl.SocketProtocolListener Finished processing request 75ec5a05-0e98-4af7-8715-7ac0755630f3 (type=HEARTBEAT, length=2235 bytes) from mynifi:8080 in 1 millis
2022-03-15 21:03:32,847 INFO [Clustering Tasks Thread-2] o.a.n.c.c.ClusterProtocolHeartbeater Heartbeat created at 2022-03-15 21:03:32,842 and sent to mynifi:8082 at 2022-03-15 21:03:32,847; send took 4 millis
2022-03-15 21:03:37,385 INFO [Heartbeat Monitor Thread-1] o.a.n.c.c.h.AbstractHeartbeatMonitor Finished processing 1 heartbeats in 7900 nanos
2022-03-15 21:03:37,852 INFO [Process Cluster Protocol Request-6] o.a.n.c.p.impl.SocketProtocolListener Finished processing request 09835052-cfae-4d5c-bff4-caccba9d387f (type=HEARTBEAT, length=2235 bytes) from mynifi:8080 in 1 millis
2022-03-15 21:03:37,853 INFO [Clustering Tasks Thread-2] o.a.n.c.c.ClusterProtocolHeartbeater Heartbeat created at 2022-03-15 21:03:37,848 and sent to mynifi:8082 at 2022-03-15 21:03:37,853; send took 4 millis
2022-03-15 21:03:42,386 INFO [Heartbeat Monitor Thread-1] o.a.n.c.c.h.AbstractHeartbeatMonitor Finished processing 1 heartbeats in 7300 nanos
2022-03-15 21:03:42,857 INFO [Process Cluster Protocol Request-7] o.a.n.c.p.impl.SocketProtocolListener Finished processing request cf7aed1f-0c87-4b35-b147-9d5bac850f2e (type=HEARTBEAT, length=2235 bytes) from mynifi:8080 in 952900 nanos
2022-03-15 21:03:42,858 INFO [Clustering Tasks Thread-2] o.a.n.c.c.ClusterProtocolHeartbeater Heartbeat created at 2022-03-15 21:03:42,854 and sent to mynifi:8082 at 2022-03-15 21:03:42,858; send took 3 millis
2022-03-15 21:03:45,527 INFO [pool-13-thread-1] o.a.n.c.r.WriteAheadFlowFileRepository Initiating checkpoint of FlowFile Repository
2022-03-15 21:03:45,528 INFO [pool-13-thread-1] o.a.n.c.r.WriteAheadFlowFileRepository Successfully checkpointed FlowFile Repository with 0 records in 0 milliseconds
2022-03-15 21:03:47,388 INFO [Heartbeat Monitor Thread-1] o.a.n.c.c.h.AbstractHeartbeatMonitor Finished processing 1 heartbeats in 9600 nanos
2022-03-15 21:03:47,863 INFO [Process Cluster Protocol Request-8] o.a.n.c.p.impl.SocketProtocolListener Finished processing request bc5efb6f-9585-4d2d-82e4-3f9249349b99 (type=HEARTBEAT, length=2235 bytes) from mynifi:8080 in 984500 nanos
2022-03-15 21:03:47,864 INFO [Clustering Tasks Thread-2] o.a.n.c.c.ClusterProtocolHeartbeater Heartbeat created at 2022-03-15 21:03:47,859 and sent to mynifi:8082 at 2022-03-15 21:03:47,864; send took 5 millis
2022-03-15 21:03:52,389 INFO [Heartbeat Monitor Thread-1] o.a.n.c.c.h.AbstractHeartbeatMonitor Finished processing 1 heartbeats in 7100 nanos
2022-03-15 21:03:52,869 INFO [Process Cluster Protocol Request-9] o.a.n.c.p.impl.SocketProtocolListener Finished processing request 6b5fd058-6f1a-41a3-bd4f-1e4fa008846d (type=HEARTBEAT, length=2235 bytes) from mynifi:8080 in 872100 nanos
2022-03-15 21:03:52,870 INFO [Clustering Tasks Thread-2] o.a.n.c.c.ClusterProtocolHeartbeater Heartbeat created at 2022-03-15 21:03:52,865 and sent to mynifi:8082 at 2022-03-15 21:03:52,870; send took 4 millis
2022-03-15 21:03:57,390 INFO [Heartbeat Monitor Thread-1] o.a.n.c.c.h.AbstractHeartbeatMonitor Finished processing 1 heartbeats in 7100 nanos
2022-03-15 21:03:57,874 INFO [Process Cluster Protocol Request-10] o.a.n.c.p.impl.SocketProtocolListener Finished processing request 883a706f-44af-443b-a80d-14f2aefaead3 (type=HEARTBEAT, length=2235 bytes) from mynifi:8080 in 921200 nanos
2022-03-15 21:03:57,876 INFO [Clustering Tasks Thread-2] o.a.n.c.c.ClusterProtocolHeartbeater Heartbeat created at 2022-03-15 21:03:57,871 and sent to mynifi:8082 at 2022-03-15 21:03:57,876; send took 3 millis
2022-03-15 21:04:02,392 INFO [Heartbeat Monitor Thread-1] o.a.n.c.c.h.AbstractHeartbeatMonitor Finished processing 1 heartbeats in 7600 nanos
2022-03-15 21:04:02,883 INFO [Process Cluster Protocol Request-1] o.a.n.c.p.impl.SocketProtocolListener Finished processing request fc49f617-36f0-4db7-bc88-9ffb5567c4f6 (type=HEARTBEAT, length=2235 bytes) from mynifi:8080 in 1 millis
2022-03-15 21:04:02,884 INFO [Clustering Tasks Thread-2] o.a.n.c.c.ClusterProtocolHeartbeater Heartbeat created at 2022-03-15 21:04:02,877 and sent to mynifi:8082 at 2022-03-15 21:04:02,884; send took 7 millis
2022-03-15 21:04:05,529 INFO [pool-13-thread-1] o.a.n.c.r.WriteAheadFlowFileRepository Initiating checkpoint of FlowFile Repository
2022-03-15 21:04:05,529 INFO [pool-13-thread-1] o.a.n.c.r.WriteAheadFlowFileRepository Successfully checkpointed FlowFile Repository with 0 records in 0 milliseconds
2022-03-15 21:04:07,393 INFO [Heartbeat Monitor Thread-1] o.a.n.c.c.h.AbstractHeartbeatMonitor Finished processing 1 heartbeats in 11000 nanos
2022-03-15 21:04:07,779 INFO [Cleanup Archive for default] o.a.n.c.repository.FileSystemRepository Successfully deleted 0 files (0 bytes) from archive
2022-03-15 21:04:07,898 INFO [Process Cluster Protocol Request-2] o.a.n.c.p.impl.SocketProtocolListener Finished processing request d6c7c288-1fb9-4a1f-88c9-762dd9a8956e (type=HEARTBEAT, length=2235 bytes) from mynifi:8080 in 1 millis
2022-03-15 21:04:07,898 INFO [Clustering Tasks Thread-2] o.a.n.c.c.ClusterProtocolHeartbeater Heartbeat created at 2022-03-15 21:04:07,894 and sent to mynifi:8082 at 2022-03-15 21:04:07,898; send took 4 millis
2022-03-15 21:04:12,394 INFO [Heartbeat Monitor Thread-1] o.a.n.c.c.h.AbstractHeartbeatMonitor Finished processing 1 heartbeats in 11200 nanos
2022-03-15 21:04:12,904 INFO [Process Cluster Protocol Request-3] o.a.n.c.p.impl.SocketProtocolListener Finished processing request a86f7fef-1216-4bbb-b572-19bea82cfcf4 (type=HEARTBEAT, length=2235 bytes) from mynifi:8080 in 1 millis
2022-03-15 21:04:12,906 INFO [Clustering Tasks Thread-2] o.a.n.c.c.ClusterProtocolHeartbeater Heartbeat created at 2022-03-15 21:04:12,899 and sent to mynifi:8082 at 2022-03-15 21:04:12,906; send took 6 millis
2022-03-15 21:04:16,062 INFO [main-EventThread] o.a.c.f.state.ConnectionStateManager State change: SUSPENDED
2022-03-15 21:04:16,067 INFO [Curator-ConnectionStateManager-0] o.a.n.c.l.e.CuratorLeaderElectionManager org.apache.nifi.controller.leader.election.CuratorLeaderElectionManager$ElectionListener@4d00a7da Connection State changed to SUSPENDED
2022-03-15 21:04:16,069 INFO [Curator-ConnectionStateManager-0] o.a.n.c.l.e.CuratorLeaderElectionManager Because Connection State was changed to SUSPENDED, will relinquish leadership for role 'Cluster Coordinator'
2022-03-15 21:04:16,072 INFO [Curator-ConnectionStateManager-0] o.a.n.c.l.e.CuratorLeaderElectionManager org.apache.nifi.controller.leader.election.CuratorLeaderElectionManager$ElectionListener@1679a6b1 Connection State changed to SUSPENDED
2022-03-15 21:04:16,073 INFO [Curator-ConnectionStateManager-0] o.a.n.c.l.e.CuratorLeaderElectionManager Because Connection State was changed to SUSPENDED, will relinquish leadership for role 'Primary Node'
2022-03-15 21:04:16,075 INFO [Leader Election Notification Thread-1] o.a.n.c.l.e.CuratorLeaderElectionManager According to ZooKeeper, this node is no longer the leader for Role 'Cluster Coordinator'. Will relinquish leadership.
2022-03-15 21:04:16,076 INFO [Leader Election Notification Thread-1] o.a.n.c.l.e.CuratorLeaderElectionManager org.apache.nifi.controller.leader.election.CuratorLeaderElectionManager$ElectionListener@4d00a7da This node is no longer leader for role 'Cluster Coordinator'
2022-03-15 21:04:16,077 INFO [Leader Election Notification Thread-2] o.a.n.c.l.e.CuratorLeaderElectionManager org.apache.nifi.controller.leader.election.CuratorLeaderElectionManager$ElectionListener@1679a6b1 has been interrupted; no longer leader for role 'Primary Node'
2022-03-15 21:04:16,078 INFO [Leader Election Notification Thread-1] o.apache.nifi.controller.FlowController This node is no longer the elected Active Cluster Coordinator
2022-03-15 21:04:16,078 INFO [Leader Election Notification Thread-2] o.a.n.c.l.e.CuratorLeaderElectionManager org.apache.nifi.controller.leader.election.CuratorLeaderElectionManager$ElectionListener@1679a6b1 This node is no longer leader for role 'Primary Node'
2022-03-15 21:04:16,082 INFO [Leader Election Notification Thread-2] o.apache.nifi.controller.FlowController This node is no longer Primary Node
2022-03-15 21:04:20,649 INFO [pool-2-thread-2] org.apache.nifi.BootstrapListener Received SHUTDOWN request from Bootstrap
2022-03-15 21:04:20,658 INFO [pool-2-thread-2] org.apache.nifi.NiFi Initiating shutdown of Jetty web server...
2022-03-15 21:04:20,756 INFO [pool-2-thread-2] o.eclipse.jetty.server.AbstractConnector Stopped ServerConnector@5b48f0f4{HTTP/1.1, (http/1.1)}{mynifi:8080}
2022-03-15 21:04:20,764 INFO [pool-2-thread-2] org.eclipse.jetty.server.session node0 Stopped scavenging
