2022-03-24 14:50:31,727 INFO [Process Cluster Protocol Request-4] o.a.n.c.p.impl.SocketProtocolListener Finished processing request abb4bbc0-3d72-415a-8f09-84cf68c2cc0f (type=HEARTBEAT, length=2235 bytes) from mynifi:8080 in 4 millis
2022-03-24 14:50:31,770 INFO [Heartbeat Monitor Thread-1] o.a.n.c.c.h.AbstractHeartbeatMonitor Finished processing 1 heartbeats in 175000 nanos
2022-03-24 14:50:31,730 INFO [Clustering Tasks Thread-2] o.a.n.c.c.ClusterProtocolHeartbeater Heartbeat created at 2022-03-24 14:50:31,694 and sent to mynifi:8082 at 2022-03-24 14:50:31,730; send took 35 millis
2022-03-24 14:50:40,330 INFO [Heartbeat Monitor Thread-1] o.a.n.c.c.h.AbstractHeartbeatMonitor Finished processing 1 heartbeats in 9100 nanos
2022-03-24 14:50:41,009 INFO [Process Cluster Protocol Request-5] o.a.n.c.p.impl.SocketProtocolListener Finished processing request 9817390f-6a90-4fb6-b49c-402f007bf3b5 (type=HEARTBEAT, length=2235 bytes) from mynifi:8080 in 2 millis
2022-03-24 14:50:41,053 INFO [Clustering Tasks Thread-2] o.a.n.c.c.ClusterProtocolHeartbeater Heartbeat created at 2022-03-24 14:50:40,867 and sent to mynifi:8082 at 2022-03-24 14:50:41,053; send took 186 millis
2022-03-24 14:50:45,615 INFO [Heartbeat Monitor Thread-1] o.a.n.c.c.h.AbstractHeartbeatMonitor Finished processing 1 heartbeats in 10900 nanos
2022-03-24 14:50:47,620 INFO [pool-13-thread-1] o.a.n.c.r.WriteAheadFlowFileRepository Initiating checkpoint of FlowFile Repository
2022-03-24 14:50:47,740 INFO [Clustering Tasks Thread-2] o.a.n.c.c.ClusterProtocolHeartbeater Heartbeat created at 2022-03-24 14:50:47,576 and sent to mynifi:8082 at 2022-03-24 14:50:47,740; send took 164 millis
2022-03-24 14:50:47,739 INFO [Process Cluster Protocol Request-6] o.a.n.c.p.impl.SocketProtocolListener Finished processing request c5efcc29-e748-4291-a4cf-dd346fdc9c43 (type=HEARTBEAT, length=2235 bytes) from mynifi:8080 in 2 millis
2022-03-24 14:50:47,962 INFO [pool-13-thread-1] o.a.n.c.r.WriteAheadFlowFileRepository Successfully checkpointed FlowFile Repository with 0 records in 0 milliseconds
2022-03-24 14:50:51,283 INFO [Heartbeat Monitor Thread-1] o.a.n.c.c.h.AbstractHeartbeatMonitor Finished processing 1 heartbeats in 15300 nanos
2022-03-24 14:50:53,338 INFO [Process Cluster Protocol Request-7] o.a.n.c.p.impl.SocketProtocolListener Finished processing request 0bcb6e0e-173e-4bb1-bd11-07f00fb774b8 (type=HEARTBEAT, length=2235 bytes) from mynifi:8080 in 6 millis
2022-03-24 14:50:53,343 INFO [Clustering Tasks Thread-1] o.a.n.c.c.ClusterProtocolHeartbeater Heartbeat created at 2022-03-24 14:50:53,329 and sent to mynifi:8082 at 2022-03-24 14:50:53,343; send took 14 millis
2022-03-24 14:50:55,035 INFO [Cleanup Archive for default] o.a.n.c.repository.FileSystemRepository Successfully deleted 0 files (0 bytes) from archive
2022-03-24 14:50:56,286 INFO [Heartbeat Monitor Thread-1] o.a.n.c.c.h.AbstractHeartbeatMonitor Finished processing 1 heartbeats in 1 millis
2022-03-24 14:50:58,408 INFO [Process Cluster Protocol Request-8] o.a.n.c.p.impl.SocketProtocolListener Finished processing request 81d02a27-2c8e-4613-a142-63cf924e3b54 (type=HEARTBEAT, length=2235 bytes) from mynifi:8080 in 14 millis
2022-03-24 14:50:58,414 INFO [Clustering Tasks Thread-1] o.a.n.c.c.ClusterProtocolHeartbeater Heartbeat created at 2022-03-24 14:50:58,351 and sent to mynifi:8082 at 2022-03-24 14:50:58,414; send took 62 millis
2022-03-24 14:51:01,297 INFO [Heartbeat Monitor Thread-1] o.a.n.c.c.h.AbstractHeartbeatMonitor Finished processing 1 heartbeats in 19600 nanos
2022-03-24 14:51:03,533 INFO [Process Cluster Protocol Request-9] o.a.n.c.p.impl.SocketProtocolListener Finished processing request 68ef8694-0fa9-43c2-902e-4057b01e880a (type=HEARTBEAT, length=2235 bytes) from mynifi:8080 in 3 millis
2022-03-24 14:51:03,536 INFO [Clustering Tasks Thread-1] o.a.n.c.c.ClusterProtocolHeartbeater Heartbeat created at 2022-03-24 14:51:03,500 and sent to mynifi:8082 at 2022-03-24 14:51:03,536; send took 35 millis
2022-03-24 14:51:06,351 INFO [Heartbeat Monitor Thread-1] o.a.n.c.c.h.AbstractHeartbeatMonitor Finished processing 1 heartbeats in 15200 nanos
2022-03-24 14:51:08,650 INFO [pool-13-thread-1] o.a.n.c.r.WriteAheadFlowFileRepository Initiating checkpoint of FlowFile Repository
2022-03-24 14:51:08,749 INFO [pool-13-thread-1] o.a.n.c.r.WriteAheadFlowFileRepository Successfully checkpointed FlowFile Repository with 0 records in 0 milliseconds
2022-03-24 14:51:09,178 INFO [Process Cluster Protocol Request-10] o.a.n.c.p.impl.SocketProtocolListener Finished processing request 2695c509-ca86-42e1-91e3-c2a4039497ca (type=HEARTBEAT, length=2235 bytes) from mynifi:8080 in 3 millis
2022-03-24 14:51:09,179 INFO [Clustering Tasks Thread-1] o.a.n.c.c.ClusterProtocolHeartbeater Heartbeat created at 2022-03-24 14:51:08,968 and sent to mynifi:8082 at 2022-03-24 14:51:09,179; send took 210 millis
2022-03-24 14:51:11,426 INFO [Heartbeat Monitor Thread-1] o.a.n.c.c.h.AbstractHeartbeatMonitor Finished processing 1 heartbeats in 11100 nanos
2022-03-24 14:51:14,650 INFO [Process Cluster Protocol Request-1] o.a.n.c.p.impl.SocketProtocolListener Finished processing request eab26c21-ac06-4fed-85d4-12b0d2516f20 (type=HEARTBEAT, length=2235 bytes) from mynifi:8080 in 6 millis
2022-03-24 14:51:14,651 INFO [Clustering Tasks Thread-1] o.a.n.c.c.ClusterProtocolHeartbeater Heartbeat created at 2022-03-24 14:51:14,371 and sent to mynifi:8082 at 2022-03-24 14:51:14,651; send took 279 millis
2022-03-24 14:51:16,452 INFO [Heartbeat Monitor Thread-1] o.a.n.c.c.h.AbstractHeartbeatMonitor Finished processing 1 heartbeats in 10900 nanos
2022-03-24 14:51:19,777 INFO [Process Cluster Protocol Request-2] o.a.n.c.p.impl.SocketProtocolListener Finished processing request 2366b88c-11a4-4859-b759-707f15e26041 (type=HEARTBEAT, length=2235 bytes) from mynifi:8080 in 3 millis
2022-03-24 14:51:19,780 INFO [Clustering Tasks Thread-1] o.a.n.c.c.ClusterProtocolHeartbeater Heartbeat created at 2022-03-24 14:51:19,769 and sent to mynifi:8082 at 2022-03-24 14:51:19,780; send took 10 millis
2022-03-24 14:51:21,701 INFO [Heartbeat Monitor Thread-1] o.a.n.c.c.h.AbstractHeartbeatMonitor Finished processing 1 heartbeats in 25900 nanos
2022-03-24 14:51:24,908 INFO [Process Cluster Protocol Request-3] o.a.n.c.p.impl.SocketProtocolListener Finished processing request 89c421fe-bade-4724-a0e2-d9ea02f6bca5 (type=HEARTBEAT, length=2235 bytes) from mynifi:8080 in 6 millis
2022-03-24 14:51:24,934 INFO [Clustering Tasks Thread-1] o.a.n.c.c.ClusterProtocolHeartbeater Heartbeat created at 2022-03-24 14:51:24,893 and sent to mynifi:8082 at 2022-03-24 14:51:24,934; send took 41 millis
2022-03-24 14:51:26,815 INFO [Heartbeat Monitor Thread-1] o.a.n.c.c.h.AbstractHeartbeatMonitor Finished processing 1 heartbeats in 11900 nanos
2022-03-24 14:51:29,148 INFO [pool-13-thread-1] o.a.n.c.r.WriteAheadFlowFileRepository Initiating checkpoint of FlowFile Repository
2022-03-24 14:51:29,183 INFO [pool-13-thread-1] o.a.n.c.r.WriteAheadFlowFileRepository Successfully checkpointed FlowFile Repository with 0 records in 0 milliseconds
2022-03-24 14:51:29,992 INFO [Process Cluster Protocol Request-4] o.a.n.c.p.impl.SocketProtocolListener Finished processing request e6be5e6f-f0b7-45e7-b46d-ecd9444e1ad4 (type=HEARTBEAT, length=2235 bytes) from mynifi:8080 in 3 millis
2022-03-24 14:51:29,994 INFO [Clustering Tasks Thread-1] o.a.n.c.c.ClusterProtocolHeartbeater Heartbeat created at 2022-03-24 14:51:29,983 and sent to mynifi:8082 at 2022-03-24 14:51:29,994; send took 10 millis
2022-03-24 14:51:31,831 INFO [Heartbeat Monitor Thread-1] o.a.n.c.c.h.AbstractHeartbeatMonitor Finished processing 1 heartbeats in 9900 nanos
2022-03-24 14:51:35,044 INFO [Process Cluster Protocol Request-5] o.a.n.c.p.impl.SocketProtocolListener Finished processing request e043a83d-01f6-49e2-86cf-b9f0a740214a (type=HEARTBEAT, length=2235 bytes) from mynifi:8080 in 2 millis
2022-03-24 14:51:35,047 INFO [Clustering Tasks Thread-1] o.a.n.c.c.ClusterProtocolHeartbeater Heartbeat created at 2022-03-24 14:51:35,037 and sent to mynifi:8082 at 2022-03-24 14:51:35,047; send took 10 millis
2022-03-24 14:51:36,833 INFO [Heartbeat Monitor Thread-1] o.a.n.c.c.h.AbstractHeartbeatMonitor Finished processing 1 heartbeats in 14600 nanos
2022-03-24 14:51:40,055 INFO [Process Cluster Protocol Request-6] o.a.n.c.p.impl.SocketProtocolListener Finished processing request 648c9abe-0f5d-4dc5-a295-275719e0279f (type=HEARTBEAT, length=2235 bytes) from mynifi:8080 in 1 millis
2022-03-24 14:51:40,057 INFO [Clustering Tasks Thread-1] o.a.n.c.c.ClusterProtocolHeartbeater Heartbeat created at 2022-03-24 14:51:40,049 and sent to mynifi:8082 at 2022-03-24 14:51:40,057; send took 8 millis
2022-03-24 14:51:41,835 INFO [Heartbeat Monitor Thread-1] o.a.n.c.c.h.AbstractHeartbeatMonitor Finished processing 1 heartbeats in 12200 nanos
2022-03-24 14:51:45,063 INFO [Process Cluster Protocol Request-7] o.a.n.c.p.impl.SocketProtocolListener Finished processing request 95af2759-74c6-47f3-a311-ffc60975c5e4 (type=HEARTBEAT, length=2235 bytes) from mynifi:8080 in 1 millis
2022-03-24 14:51:45,064 INFO [Clustering Tasks Thread-1] o.a.n.c.c.ClusterProtocolHeartbeater Heartbeat created at 2022-03-24 14:51:45,058 and sent to mynifi:8082 at 2022-03-24 14:51:45,064; send took 5 millis
2022-03-24 14:51:46,836 INFO [Heartbeat Monitor Thread-1] o.a.n.c.c.h.AbstractHeartbeatMonitor Finished processing 1 heartbeats in 7900 nanos
2022-03-24 14:51:49,203 INFO [pool-13-thread-1] o.a.n.c.r.WriteAheadFlowFileRepository Initiating checkpoint of FlowFile Repository
2022-03-24 14:51:49,204 INFO [pool-13-thread-1] o.a.n.c.r.WriteAheadFlowFileRepository Successfully checkpointed FlowFile Repository with 0 records in 0 milliseconds
2022-03-24 14:51:50,069 INFO [Process Cluster Protocol Request-8] o.a.n.c.p.impl.SocketProtocolListener Finished processing request b34200ae-19be-4e0a-af90-a4e5cdf0eb60 (type=HEARTBEAT, length=2235 bytes) from mynifi:8080 in 1 millis
2022-03-24 14:51:50,070 INFO [Clustering Tasks Thread-1] o.a.n.c.c.ClusterProtocolHeartbeater Heartbeat created at 2022-03-24 14:51:50,065 and sent to mynifi:8082 at 2022-03-24 14:51:50,070; send took 4 millis
2022-03-24 14:51:51,838 INFO [Heartbeat Monitor Thread-1] o.a.n.c.c.h.AbstractHeartbeatMonitor Finished processing 1 heartbeats in 11400 nanos
2022-03-24 14:51:55,076 INFO [Process Cluster Protocol Request-9] o.a.n.c.p.impl.SocketProtocolListener Finished processing request ebafe68f-8c9a-4d6a-a875-0628db27d8bb (type=HEARTBEAT, length=2235 bytes) from mynifi:8080 in 2 millis
2022-03-24 14:51:55,079 INFO [Clustering Tasks Thread-1] o.a.n.c.c.ClusterProtocolHeartbeater Heartbeat created at 2022-03-24 14:51:55,071 and sent to mynifi:8082 at 2022-03-24 14:51:55,079; send took 7 millis
2022-03-24 14:51:56,637 INFO [Cleanup Archive for default] o.a.n.c.repository.FileSystemRepository Successfully deleted 0 files (0 bytes) from archive
2022-03-24 14:51:56,839 INFO [Heartbeat Monitor Thread-1] o.a.n.c.c.h.AbstractHeartbeatMonitor Finished processing 1 heartbeats in 13000 nanos
2022-03-24 14:52:00,117 INFO [Process Cluster Protocol Request-10] o.a.n.c.p.impl.SocketProtocolListener Finished processing request 785e266d-1f29-4ea2-aa6a-80452da2a925 (type=HEARTBEAT, length=2235 bytes) from mynifi:8080 in 1 millis
2022-03-24 14:52:00,120 INFO [Clustering Tasks Thread-1] o.a.n.c.c.ClusterProtocolHeartbeater Heartbeat created at 2022-03-24 14:52:00,110 and sent to mynifi:8082 at 2022-03-24 14:52:00,120; send took 9 millis
2022-03-24 14:52:01,840 INFO [Heartbeat Monitor Thread-1] o.a.n.c.c.h.AbstractHeartbeatMonitor Finished processing 1 heartbeats in 12400 nanos
2022-03-24 14:52:05,127 INFO [Process Cluster Protocol Request-1] o.a.n.c.p.impl.SocketProtocolListener Finished processing request 8690b38d-9914-4af5-bb9b-4a1628d02530 (type=HEARTBEAT, length=2235 bytes) from mynifi:8080 in 2 millis
2022-03-24 14:52:05,129 INFO [Clustering Tasks Thread-1] o.a.n.c.c.ClusterProtocolHeartbeater Heartbeat created at 2022-03-24 14:52:05,121 and sent to mynifi:8082 at 2022-03-24 14:52:05,129; send took 8 millis
2022-03-24 14:52:06,843 INFO [Heartbeat Monitor Thread-1] o.a.n.c.c.h.AbstractHeartbeatMonitor Finished processing 1 heartbeats in 13100 nanos
2022-03-24 14:52:09,205 INFO [pool-13-thread-1] o.a.n.c.r.WriteAheadFlowFileRepository Initiating checkpoint of FlowFile Repository
2022-03-24 14:52:09,206 INFO [pool-13-thread-1] o.a.n.c.r.WriteAheadFlowFileRepository Successfully checkpointed FlowFile Repository with 0 records in 0 milliseconds
2022-03-24 14:52:10,140 INFO [Process Cluster Protocol Request-2] o.a.n.c.p.impl.SocketProtocolListener Finished processing request 31dfc3a0-8c2a-423d-aeab-754eb8680c85 (type=HEARTBEAT, length=2235 bytes) from mynifi:8080 in 1 millis
2022-03-24 14:52:10,142 INFO [Clustering Tasks Thread-1] o.a.n.c.c.ClusterProtocolHeartbeater Heartbeat created at 2022-03-24 14:52:10,132 and sent to mynifi:8082 at 2022-03-24 14:52:10,142; send took 10 millis
2022-03-24 14:52:11,844 INFO [Heartbeat Monitor Thread-1] o.a.n.c.c.h.AbstractHeartbeatMonitor Finished processing 1 heartbeats in 13900 nanos
2022-03-24 14:52:14,626 INFO [Write-Ahead Local State Provider Maintenance] org.wali.MinimalLockingWriteAheadLog org.wali.MinimalLockingWriteAheadLog@66e12c3b checkpointed with 20 Records and 0 Swap Files in 444 milliseconds (Stop-the-world time = 127 milliseconds, Clear Edit Logs time = 290 millis), max Transaction ID 343
2022-03-24 14:52:15,148 INFO [Process Cluster Protocol Request-3] o.a.n.c.p.impl.SocketProtocolListener Finished processing request 1eb52d39-8fef-445f-991d-d09604ea0893 (type=HEARTBEAT, length=2235 bytes) from mynifi:8080 in 1 millis
2022-03-24 14:52:15,149 INFO [Clustering Tasks Thread-1] o.a.n.c.c.ClusterProtocolHeartbeater Heartbeat created at 2022-03-24 14:52:15,143 and sent to mynifi:8082 at 2022-03-24 14:52:15,149; send took 5 millis
2022-03-24 14:52:16,845 INFO [Heartbeat Monitor Thread-1] o.a.n.c.c.h.AbstractHeartbeatMonitor Finished processing 1 heartbeats in 9600 nanos
2022-03-24 14:52:20,163 INFO [Process Cluster Protocol Request-4] o.a.n.c.p.impl.SocketProtocolListener Finished processing request b64ae8eb-e381-4bca-a9f1-e80dfdd8c6ca (type=HEARTBEAT, length=2235 bytes) from mynifi:8080 in 7 millis
2022-03-24 14:52:20,168 INFO [Clustering Tasks Thread-1] o.a.n.c.c.ClusterProtocolHeartbeater Heartbeat created at 2022-03-24 14:52:20,151 and sent to mynifi:8082 at 2022-03-24 14:52:20,168; send took 17 millis
2022-03-24 14:52:21,846 INFO [Heartbeat Monitor Thread-1] o.a.n.c.c.h.AbstractHeartbeatMonitor Finished processing 1 heartbeats in 24100 nanos
2022-03-24 14:52:25,179 INFO [Process Cluster Protocol Request-5] o.a.n.c.p.impl.SocketProtocolListener Finished processing request d69cc524-d947-418f-b277-2842d5ba4dd1 (type=HEARTBEAT, length=2235 bytes) from mynifi:8080 in 4 millis
2022-03-24 14:52:25,183 INFO [Clustering Tasks Thread-1] o.a.n.c.c.ClusterProtocolHeartbeater Heartbeat created at 2022-03-24 14:52:25,170 and sent to mynifi:8082 at 2022-03-24 14:52:25,183; send took 13 millis
2022-03-24 14:52:26,865 INFO [Heartbeat Monitor Thread-1] o.a.n.c.c.h.AbstractHeartbeatMonitor Finished processing 1 heartbeats in 13000 nanos
2022-03-24 14:52:29,207 INFO [pool-13-thread-1] o.a.n.c.r.WriteAheadFlowFileRepository Initiating checkpoint of FlowFile Repository
2022-03-24 14:52:29,208 INFO [pool-13-thread-1] o.a.n.c.r.WriteAheadFlowFileRepository Successfully checkpointed FlowFile Repository with 0 records in 0 milliseconds
2022-03-24 14:52:30,190 INFO [Process Cluster Protocol Request-6] o.a.n.c.p.impl.SocketProtocolListener Finished processing request 269b0365-e3a8-4138-a4cd-04a887295ad4 (type=HEARTBEAT, length=2235 bytes) from mynifi:8080 in 2 millis
2022-03-24 14:52:30,191 INFO [Clustering Tasks Thread-1] o.a.n.c.c.ClusterProtocolHeartbeater Heartbeat created at 2022-03-24 14:52:30,185 and sent to mynifi:8082 at 2022-03-24 14:52:30,191; send took 5 millis
2022-03-24 14:52:31,866 INFO [Heartbeat Monitor Thread-1] o.a.n.c.c.h.AbstractHeartbeatMonitor Finished processing 1 heartbeats in 66600 nanos
2022-03-24 14:52:35,199 INFO [Process Cluster Protocol Request-7] o.a.n.c.p.impl.SocketProtocolListener Finished processing request 6fbaed5c-dbd0-4ee9-a346-5f5e196994e8 (type=HEARTBEAT, length=2235 bytes) from mynifi:8080 in 3 millis
2022-03-24 14:52:35,203 INFO [Clustering Tasks Thread-1] o.a.n.c.c.ClusterProtocolHeartbeater Heartbeat created at 2022-03-24 14:52:35,192 and sent to mynifi:8082 at 2022-03-24 14:52:35,203; send took 10 millis
2022-03-24 14:52:36,868 INFO [Heartbeat Monitor Thread-1] o.a.n.c.c.h.AbstractHeartbeatMonitor Finished processing 1 heartbeats in 11300 nanos
2022-03-24 14:52:40,211 INFO [Process Cluster Protocol Request-8] o.a.n.c.p.impl.SocketProtocolListener Finished processing request 3bf0d066-9fad-4549-9e6f-cfadc6fd7a05 (type=HEARTBEAT, length=2235 bytes) from mynifi:8080 in 3 millis
2022-03-24 14:52:40,213 INFO [Clustering Tasks Thread-1] o.a.n.c.c.ClusterProtocolHeartbeater Heartbeat created at 2022-03-24 14:52:40,204 and sent to mynifi:8082 at 2022-03-24 14:52:40,213; send took 8 millis
2022-03-24 14:52:41,869 INFO [Heartbeat Monitor Thread-1] o.a.n.c.c.h.AbstractHeartbeatMonitor Finished processing 1 heartbeats in 11200 nanos
2022-03-24 14:52:45,222 INFO [Process Cluster Protocol Request-9] o.a.n.c.p.impl.SocketProtocolListener Finished processing request b4652d4e-d7a2-4abd-973b-b6193c5f9fb9 (type=HEARTBEAT, length=2235 bytes) from mynifi:8080 in 2 millis
2022-03-24 14:52:45,224 INFO [Clustering Tasks Thread-1] o.a.n.c.c.ClusterProtocolHeartbeater Heartbeat created at 2022-03-24 14:52:45,215 and sent to mynifi:8082 at 2022-03-24 14:52:45,224; send took 8 millis
2022-03-24 14:52:46,875 INFO [Heartbeat Monitor Thread-1] o.a.n.c.c.h.AbstractHeartbeatMonitor Finished processing 1 heartbeats in 10600 nanos
2022-03-24 14:52:49,210 INFO [pool-13-thread-1] o.a.n.c.r.WriteAheadFlowFileRepository Initiating checkpoint of FlowFile Repository
2022-03-24 14:52:49,211 INFO [pool-13-thread-1] o.a.n.c.r.WriteAheadFlowFileRepository Successfully checkpointed FlowFile Repository with 0 records in 0 milliseconds
2022-03-24 14:52:50,230 INFO [Process Cluster Protocol Request-10] o.a.n.c.p.impl.SocketProtocolListener Finished processing request ec594207-dd38-4bbc-b3ef-ce47f33f482e (type=HEARTBEAT, length=2235 bytes) from mynifi:8080 in 1 millis
2022-03-24 14:52:50,231 INFO [Clustering Tasks Thread-1] o.a.n.c.c.ClusterProtocolHeartbeater Heartbeat created at 2022-03-24 14:52:50,226 and sent to mynifi:8082 at 2022-03-24 14:52:50,231; send took 4 millis
2022-03-24 14:52:51,880 INFO [Heartbeat Monitor Thread-1] o.a.n.c.c.h.AbstractHeartbeatMonitor Finished processing 1 heartbeats in 13600 nanos
2022-03-24 14:52:55,237 INFO [Process Cluster Protocol Request-1] o.a.n.c.p.impl.SocketProtocolListener Finished processing request ea55945a-5b98-458f-8ede-9eeab3e2b81d (type=HEARTBEAT, length=2235 bytes) from mynifi:8080 in 2 millis
2022-03-24 14:52:55,239 INFO [Clustering Tasks Thread-1] o.a.n.c.c.ClusterProtocolHeartbeater Heartbeat created at 2022-03-24 14:52:55,233 and sent to mynifi:8082 at 2022-03-24 14:52:55,239; send took 5 millis
2022-03-24 14:52:56,882 INFO [Heartbeat Monitor Thread-1] o.a.n.c.c.h.AbstractHeartbeatMonitor Finished processing 1 heartbeats in 12300 nanos
2022-03-24 14:52:58,533 INFO [Cleanup Archive for default] o.a.n.c.repository.FileSystemRepository Successfully deleted 0 files (0 bytes) from archive
2022-03-24 14:53:00,250 INFO [Process Cluster Protocol Request-2] o.a.n.c.p.impl.SocketProtocolListener Finished processing request 90aafcb7-2a6b-483d-a4de-c87360a14717 (type=HEARTBEAT, length=2235 bytes) from mynifi:8080 in 3 millis
2022-03-24 14:53:00,255 INFO [Clustering Tasks Thread-1] o.a.n.c.c.ClusterProtocolHeartbeater Heartbeat created at 2022-03-24 14:53:00,241 and sent to mynifi:8082 at 2022-03-24 14:53:00,255; send took 14 millis
2022-03-24 14:53:01,883 INFO [Heartbeat Monitor Thread-1] o.a.n.c.c.h.AbstractHeartbeatMonitor Finished processing 1 heartbeats in 11200 nanos
2022-03-24 14:53:05,261 INFO [Process Cluster Protocol Request-3] o.a.n.c.p.impl.SocketProtocolListener Finished processing request 191bf2bd-3576-4071-bace-c4774bffda26 (type=HEARTBEAT, length=2235 bytes) from mynifi:8080 in 1 millis
2022-03-24 14:53:05,264 INFO [Clustering Tasks Thread-1] o.a.n.c.c.ClusterProtocolHeartbeater Heartbeat created at 2022-03-24 14:53:05,257 and sent to mynifi:8082 at 2022-03-24 14:53:05,264; send took 6 millis
2022-03-24 14:53:06,885 INFO [Heartbeat Monitor Thread-1] o.a.n.c.c.h.AbstractHeartbeatMonitor Finished processing 1 heartbeats in 11400 nanos
2022-03-24 14:53:09,212 INFO [pool-13-thread-1] o.a.n.c.r.WriteAheadFlowFileRepository Initiating checkpoint of FlowFile Repository
2022-03-24 14:53:09,213 INFO [pool-13-thread-1] o.a.n.c.r.WriteAheadFlowFileRepository Successfully checkpointed FlowFile Repository with 0 records in 0 milliseconds
2022-03-24 14:53:10,270 INFO [Process Cluster Protocol Request-4] o.a.n.c.p.impl.SocketProtocolListener Finished processing request 1896b9e4-341f-47be-ab9d-4cf3da665454 (type=HEARTBEAT, length=2235 bytes) from mynifi:8080 in 1 millis
2022-03-24 14:53:10,272 INFO [Clustering Tasks Thread-1] o.a.n.c.c.ClusterProtocolHeartbeater Heartbeat created at 2022-03-24 14:53:10,265 and sent to mynifi:8082 at 2022-03-24 14:53:10,272; send took 6 millis
2022-03-24 14:53:11,891 INFO [Heartbeat Monitor Thread-1] o.a.n.c.c.h.AbstractHeartbeatMonitor Finished processing 1 heartbeats in 10000 nanos
2022-03-24 14:53:15,276 INFO [Process Cluster Protocol Request-5] o.a.n.c.p.impl.SocketProtocolListener Finished processing request 3bab2cf8-d4aa-418e-96d8-a0df23e4d0d1 (type=HEARTBEAT, length=2235 bytes) from mynifi:8080 in 1 millis
2022-03-24 14:53:15,277 INFO [Clustering Tasks Thread-1] o.a.n.c.c.ClusterProtocolHeartbeater Heartbeat created at 2022-03-24 14:53:15,272 and sent to mynifi:8082 at 2022-03-24 14:53:15,277; send took 4 millis
2022-03-24 14:53:16,892 INFO [Heartbeat Monitor Thread-1] o.a.n.c.c.h.AbstractHeartbeatMonitor Finished processing 1 heartbeats in 10700 nanos
2022-03-24 14:53:20,283 INFO [Process Cluster Protocol Request-6] o.a.n.c.p.impl.SocketProtocolListener Finished processing request 8a0299a9-d7bf-4756-b004-ed29a32f9624 (type=HEARTBEAT, length=2235 bytes) from mynifi:8080 in 2 millis
2022-03-24 14:53:20,285 INFO [Clustering Tasks Thread-1] o.a.n.c.c.ClusterProtocolHeartbeater Heartbeat created at 2022-03-24 14:53:20,278 and sent to mynifi:8082 at 2022-03-24 14:53:20,285; send took 6 millis
2022-03-24 14:53:21,893 INFO [Heartbeat Monitor Thread-1] o.a.n.c.c.h.AbstractHeartbeatMonitor Finished processing 1 heartbeats in 7500 nanos
2022-03-24 14:53:25,290 INFO [Process Cluster Protocol Request-7] o.a.n.c.p.impl.SocketProtocolListener Finished processing request 7cb0b3d6-c1d2-41e4-9cb6-43d25347f291 (type=HEARTBEAT, length=2235 bytes) from mynifi:8080 in 1 millis
2022-03-24 14:53:25,291 INFO [Clustering Tasks Thread-1] o.a.n.c.c.ClusterProtocolHeartbeater Heartbeat created at 2022-03-24 14:53:25,286 and sent to mynifi:8082 at 2022-03-24 14:53:25,291; send took 5 millis
2022-03-24 14:53:26,894 INFO [Heartbeat Monitor Thread-1] o.a.n.c.c.h.AbstractHeartbeatMonitor Finished processing 1 heartbeats in 10200 nanos
2022-03-24 14:53:29,214 INFO [pool-13-thread-1] o.a.n.c.r.WriteAheadFlowFileRepository Initiating checkpoint of FlowFile Repository
2022-03-24 14:53:29,215 INFO [pool-13-thread-1] o.a.n.c.r.WriteAheadFlowFileRepository Successfully checkpointed FlowFile Repository with 0 records in 0 milliseconds
2022-03-24 14:53:30,296 INFO [Process Cluster Protocol Request-8] o.a.n.c.p.impl.SocketProtocolListener Finished processing request cd92471d-4c2f-4d76-b364-51a7b5101176 (type=HEARTBEAT, length=2235 bytes) from mynifi:8080 in 1 millis
2022-03-24 14:53:30,299 INFO [Clustering Tasks Thread-1] o.a.n.c.c.ClusterProtocolHeartbeater Heartbeat created at 2022-03-24 14:53:30,292 and sent to mynifi:8082 at 2022-03-24 14:53:30,299; send took 6 millis
2022-03-24 14:53:31,896 INFO [Heartbeat Monitor Thread-1] o.a.n.c.c.h.AbstractHeartbeatMonitor Finished processing 1 heartbeats in 13000 nanos
2022-03-24 14:53:35,305 INFO [Process Cluster Protocol Request-9] o.a.n.c.p.impl.SocketProtocolListener Finished processing request ba3c75af-df2b-4ff2-af50-9fd858d130d4 (type=HEARTBEAT, length=2235 bytes) from mynifi:8080 in 2 millis
2022-03-24 14:53:35,307 INFO [Clustering Tasks Thread-1] o.a.n.c.c.ClusterProtocolHeartbeater Heartbeat created at 2022-03-24 14:53:35,300 and sent to mynifi:8082 at 2022-03-24 14:53:35,307; send took 7 millis
2022-03-24 14:53:36,897 INFO [Heartbeat Monitor Thread-1] o.a.n.c.c.h.AbstractHeartbeatMonitor Finished processing 1 heartbeats in 8100 nanos
2022-03-24 14:53:40,315 INFO [Process Cluster Protocol Request-10] o.a.n.c.p.impl.SocketProtocolListener Finished processing request 1321932b-9f67-488f-b223-cd2d084095f9 (type=HEARTBEAT, length=2235 bytes) from mynifi:8080 in 2 millis
2022-03-24 14:53:40,317 INFO [Clustering Tasks Thread-1] o.a.n.c.c.ClusterProtocolHeartbeater Heartbeat created at 2022-03-24 14:53:40,309 and sent to mynifi:8082 at 2022-03-24 14:53:40,317; send took 8 millis
2022-03-24 14:53:41,898 INFO [Heartbeat Monitor Thread-1] o.a.n.c.c.h.AbstractHeartbeatMonitor Finished processing 1 heartbeats in 8400 nanos
2022-03-24 14:53:45,322 INFO [Process Cluster Protocol Request-1] o.a.n.c.p.impl.SocketProtocolListener Finished processing request b944c443-2684-4975-975b-1896b8d77c32 (type=HEARTBEAT, length=2235 bytes) from mynifi:8080 in 1 millis
2022-03-24 14:53:45,323 INFO [Clustering Tasks Thread-1] o.a.n.c.c.ClusterProtocolHeartbeater Heartbeat created at 2022-03-24 14:53:45,318 and sent to mynifi:8082 at 2022-03-24 14:53:45,323; send took 4 millis
2022-03-24 14:53:46,899 INFO [Heartbeat Monitor Thread-1] o.a.n.c.c.h.AbstractHeartbeatMonitor Finished processing 1 heartbeats in 7600 nanos
2022-03-24 14:53:49,216 INFO [pool-13-thread-1] o.a.n.c.r.WriteAheadFlowFileRepository Initiating checkpoint of FlowFile Repository
2022-03-24 14:53:49,217 INFO [pool-13-thread-1] o.a.n.c.r.WriteAheadFlowFileRepository Successfully checkpointed FlowFile Repository with 0 records in 0 milliseconds
2022-03-24 14:53:50,328 INFO [Process Cluster Protocol Request-2] o.a.n.c.p.impl.SocketProtocolListener Finished processing request 69881487-cf12-43b1-9bfd-1aeaec83a9d6 (type=HEARTBEAT, length=2235 bytes) from mynifi:8080 in 1 millis
2022-03-24 14:53:50,329 INFO [Clustering Tasks Thread-1] o.a.n.c.c.ClusterProtocolHeartbeater Heartbeat created at 2022-03-24 14:53:50,324 and sent to mynifi:8082 at 2022-03-24 14:53:50,329; send took 4 millis
2022-03-24 14:53:51,900 INFO [Heartbeat Monitor Thread-1] o.a.n.c.c.h.AbstractHeartbeatMonitor Finished processing 1 heartbeats in 10900 nanos
2022-03-24 14:53:55,335 INFO [Process Cluster Protocol Request-3] o.a.n.c.p.impl.SocketProtocolListener Finished processing request db24758d-8442-49c5-9ca2-29a51b108bfc (type=HEARTBEAT, length=2235 bytes) from mynifi:8080 in 1 millis
2022-03-24 14:53:55,336 INFO [Clustering Tasks Thread-1] o.a.n.c.c.ClusterProtocolHeartbeater Heartbeat created at 2022-03-24 14:53:55,331 and sent to mynifi:8082 at 2022-03-24 14:53:55,336; send took 4 millis
2022-03-24 14:53:56,901 INFO [Heartbeat Monitor Thread-1] o.a.n.c.c.h.AbstractHeartbeatMonitor Finished processing 1 heartbeats in 9100 nanos
2022-03-24 14:54:00,112 INFO [Cleanup Archive for default] o.a.n.c.repository.FileSystemRepository Successfully deleted 0 files (0 bytes) from archive
2022-03-24 14:54:00,342 INFO [Process Cluster Protocol Request-4] o.a.n.c.p.impl.SocketProtocolListener Finished processing request 38fa6499-1621-4159-9106-0842a7ed1da9 (type=HEARTBEAT, length=2235 bytes) from mynifi:8080 in 1 millis
2022-03-24 14:54:00,344 INFO [Clustering Tasks Thread-1] o.a.n.c.c.ClusterProtocolHeartbeater Heartbeat created at 2022-03-24 14:54:00,337 and sent to mynifi:8082 at 2022-03-24 14:54:00,344; send took 6 millis
2022-03-24 14:54:01,902 INFO [Heartbeat Monitor Thread-1] o.a.n.c.c.h.AbstractHeartbeatMonitor Finished processing 1 heartbeats in 9800 nanos
2022-03-24 14:54:05,351 INFO [Process Cluster Protocol Request-5] o.a.n.c.p.impl.SocketProtocolListener Finished processing request 82524180-2cb6-4fdf-8cbf-231ea525c343 (type=HEARTBEAT, length=2235 bytes) from mynifi:8080 in 2 millis
2022-03-24 14:54:05,353 INFO [Clustering Tasks Thread-1] o.a.n.c.c.ClusterProtocolHeartbeater Heartbeat created at 2022-03-24 14:54:05,345 and sent to mynifi:8082 at 2022-03-24 14:54:05,353; send took 8 millis
2022-03-24 14:54:06,903 INFO [Heartbeat Monitor Thread-1] o.a.n.c.c.h.AbstractHeartbeatMonitor Finished processing 1 heartbeats in 17800 nanos
2022-03-24 14:54:09,218 INFO [pool-13-thread-1] o.a.n.c.r.WriteAheadFlowFileRepository Initiating checkpoint of FlowFile Repository
2022-03-24 14:54:09,219 INFO [pool-13-thread-1] o.a.n.c.r.WriteAheadFlowFileRepository Successfully checkpointed FlowFile Repository with 0 records in 0 milliseconds
2022-03-24 14:54:10,359 INFO [Process Cluster Protocol Request-6] o.a.n.c.p.impl.SocketProtocolListener Finished processing request bf5ad66c-849e-4be9-b13d-cd390004de1a (type=HEARTBEAT, length=2235 bytes) from mynifi:8080 in 2 millis
2022-03-24 14:54:10,362 INFO [Clustering Tasks Thread-1] o.a.n.c.c.ClusterProtocolHeartbeater Heartbeat created at 2022-03-24 14:54:10,354 and sent to mynifi:8082 at 2022-03-24 14:54:10,362; send took 7 millis
2022-03-24 14:54:11,905 INFO [Heartbeat Monitor Thread-1] o.a.n.c.c.h.AbstractHeartbeatMonitor Finished processing 1 heartbeats in 127600 nanos
2022-03-24 14:54:15,196 INFO [Write-Ahead Local State Provider Maintenance] org.wali.MinimalLockingWriteAheadLog org.wali.MinimalLockingWriteAheadLog@66e12c3b checkpointed with 20 Records and 0 Swap Files in 569 milliseconds (Stop-the-world time = 235 milliseconds, Clear Edit Logs time = 294 millis), max Transaction ID 343
2022-03-24 14:54:15,371 INFO [Process Cluster Protocol Request-7] o.a.n.c.p.impl.SocketProtocolListener Finished processing request c93a37b5-31ae-4713-9277-8608f3290b87 (type=HEARTBEAT, length=2235 bytes) from mynifi:8080 in 3 millis
2022-03-24 14:54:15,373 INFO [Clustering Tasks Thread-1] o.a.n.c.c.ClusterProtocolHeartbeater Heartbeat created at 2022-03-24 14:54:15,364 and sent to mynifi:8082 at 2022-03-24 14:54:15,373; send took 8 millis
2022-03-24 14:54:16,906 INFO [Heartbeat Monitor Thread-1] o.a.n.c.c.h.AbstractHeartbeatMonitor Finished processing 1 heartbeats in 48900 nanos
2022-03-24 14:54:20,380 INFO [Process Cluster Protocol Request-8] o.a.n.c.p.impl.SocketProtocolListener Finished processing request 9dcb19c3-2e69-46f2-87f0-362e2b188a4a (type=HEARTBEAT, length=2235 bytes) from mynifi:8080 in 2 millis
2022-03-24 14:54:20,380 INFO [Clustering Tasks Thread-1] o.a.n.c.c.ClusterProtocolHeartbeater Heartbeat created at 2022-03-24 14:54:20,374 and sent to mynifi:8082 at 2022-03-24 14:54:20,380; send took 6 millis
2022-03-24 14:54:21,907 INFO [Heartbeat Monitor Thread-1] o.a.n.c.c.h.AbstractHeartbeatMonitor Finished processing 1 heartbeats in 8400 nanos
2022-03-24 14:54:25,387 INFO [Process Cluster Protocol Request-9] o.a.n.c.p.impl.SocketProtocolListener Finished processing request f1b9b431-6d93-4186-876c-b32ab3ccb7f5 (type=HEARTBEAT, length=2235 bytes) from mynifi:8080 in 1 millis
2022-03-24 14:54:25,388 INFO [Clustering Tasks Thread-1] o.a.n.c.c.ClusterProtocolHeartbeater Heartbeat created at 2022-03-24 14:54:25,382 and sent to mynifi:8082 at 2022-03-24 14:54:25,388; send took 6 millis
2022-03-24 14:54:26,908 INFO [Heartbeat Monitor Thread-1] o.a.n.c.c.h.AbstractHeartbeatMonitor Finished processing 1 heartbeats in 9700 nanos
2022-03-24 14:54:29,220 INFO [pool-13-thread-1] o.a.n.c.r.WriteAheadFlowFileRepository Initiating checkpoint of FlowFile Repository
2022-03-24 14:54:29,221 INFO [pool-13-thread-1] o.a.n.c.r.WriteAheadFlowFileRepository Successfully checkpointed FlowFile Repository with 0 records in 0 milliseconds
2022-03-24 14:54:30,394 INFO [Process Cluster Protocol Request-10] o.a.n.c.p.impl.SocketProtocolListener Finished processing request 87fd570a-6531-4679-88ac-73480439620f (type=HEARTBEAT, length=2235 bytes) from mynifi:8080 in 2 millis
2022-03-24 14:54:30,396 INFO [Clustering Tasks Thread-1] o.a.n.c.c.ClusterProtocolHeartbeater Heartbeat created at 2022-03-24 14:54:30,389 and sent to mynifi:8082 at 2022-03-24 14:54:30,396; send took 6 millis
2022-03-24 14:54:31,909 INFO [Heartbeat Monitor Thread-1] o.a.n.c.c.h.AbstractHeartbeatMonitor Finished processing 1 heartbeats in 9900 nanos
2022-03-24 14:54:35,401 INFO [Process Cluster Protocol Request-1] o.a.n.c.p.impl.SocketProtocolListener Finished processing request 5c6698d0-5e9c-4b76-9ec5-3ebf3962d9e2 (type=HEARTBEAT, length=2235 bytes) from mynifi:8080 in 1 millis
2022-03-24 14:54:35,402 INFO [Clustering Tasks Thread-1] o.a.n.c.c.ClusterProtocolHeartbeater Heartbeat created at 2022-03-24 14:54:35,397 and sent to mynifi:8082 at 2022-03-24 14:54:35,402; send took 4 millis
2022-03-24 14:54:36,910 INFO [Heartbeat Monitor Thread-1] o.a.n.c.c.h.AbstractHeartbeatMonitor Finished processing 1 heartbeats in 8400 nanos
2022-03-24 14:54:40,408 INFO [Process Cluster Protocol Request-2] o.a.n.c.p.impl.SocketProtocolListener Finished processing request 74c7e6b7-e91f-4b6b-a197-287eb37436f5 (type=HEARTBEAT, length=2235 bytes) from mynifi:8080 in 1 millis
2022-03-24 14:54:40,408 INFO [Clustering Tasks Thread-1] o.a.n.c.c.ClusterProtocolHeartbeater Heartbeat created at 2022-03-24 14:54:40,403 and sent to mynifi:8082 at 2022-03-24 14:54:40,408; send took 5 millis
2022-03-24 14:54:41,911 INFO [Heartbeat Monitor Thread-1] o.a.n.c.c.h.AbstractHeartbeatMonitor Finished processing 1 heartbeats in 8100 nanos
2022-03-24 14:54:45,414 INFO [Process Cluster Protocol Request-3] o.a.n.c.p.impl.SocketProtocolListener Finished processing request 4fce7515-9226-444c-b3f0-91f9805df8d7 (type=HEARTBEAT, length=2235 bytes) from mynifi:8080 in 1 millis
2022-03-24 14:54:45,415 INFO [Clustering Tasks Thread-1] o.a.n.c.c.ClusterProtocolHeartbeater Heartbeat created at 2022-03-24 14:54:45,410 and sent to mynifi:8082 at 2022-03-24 14:54:45,415; send took 5 millis
2022-03-24 14:54:46,912 INFO [Heartbeat Monitor Thread-1] o.a.n.c.c.h.AbstractHeartbeatMonitor Finished processing 1 heartbeats in 7300 nanos
2022-03-24 14:54:49,222 INFO [pool-13-thread-1] o.a.n.c.r.WriteAheadFlowFileRepository Initiating checkpoint of FlowFile Repository
2022-03-24 14:54:49,223 INFO [pool-13-thread-1] o.a.n.c.r.WriteAheadFlowFileRepository Successfully checkpointed FlowFile Repository with 0 records in 0 milliseconds
2022-03-24 14:54:50,421 INFO [Process Cluster Protocol Request-4] o.a.n.c.p.impl.SocketProtocolListener Finished processing request 0f078a6b-5f98-493b-8710-3841d7b71c2e (type=HEARTBEAT, length=2235 bytes) from mynifi:8080 in 1 millis
2022-03-24 14:54:50,422 INFO [Clustering Tasks Thread-1] o.a.n.c.c.ClusterProtocolHeartbeater Heartbeat created at 2022-03-24 14:54:50,417 and sent to mynifi:8082 at 2022-03-24 14:54:50,422; send took 5 millis
2022-03-24 14:54:51,913 INFO [Heartbeat Monitor Thread-1] o.a.n.c.c.h.AbstractHeartbeatMonitor Finished processing 1 heartbeats in 8900 nanos
2022-03-24 14:54:55,426 INFO [Process Cluster Protocol Request-5] o.a.n.c.p.impl.SocketProtocolListener Finished processing request 85362897-fe03-4108-8a26-47fa2e71dbd4 (type=HEARTBEAT, length=2235 bytes) from mynifi:8080 in 1 millis
2022-03-24 14:54:55,427 INFO [Clustering Tasks Thread-1] o.a.n.c.c.ClusterProtocolHeartbeater Heartbeat created at 2022-03-24 14:54:55,423 and sent to mynifi:8082 at 2022-03-24 14:54:55,427; send took 4 millis
2022-03-24 14:54:56,914 INFO [Heartbeat Monitor Thread-1] o.a.n.c.c.h.AbstractHeartbeatMonitor Finished processing 1 heartbeats in 7900 nanos
2022-03-24 14:55:00,434 INFO [Process Cluster Protocol Request-6] o.a.n.c.p.impl.SocketProtocolListener Finished processing request aaa6c537-0fc5-4ade-9888-a30abf3531f0 (type=HEARTBEAT, length=2235 bytes) from mynifi:8080 in 3 millis
2022-03-24 14:55:00,436 INFO [Clustering Tasks Thread-1] o.a.n.c.c.ClusterProtocolHeartbeater Heartbeat created at 2022-03-24 14:55:00,428 and sent to mynifi:8082 at 2022-03-24 14:55:00,436; send took 7 millis
2022-03-24 14:55:01,629 INFO [Cleanup Archive for default] o.a.n.c.repository.FileSystemRepository Successfully deleted 0 files (0 bytes) from archive
2022-03-24 14:55:01,915 INFO [Heartbeat Monitor Thread-1] o.a.n.c.c.h.AbstractHeartbeatMonitor Finished processing 1 heartbeats in 29500 nanos
2022-03-24 14:55:05,441 INFO [Process Cluster Protocol Request-7] o.a.n.c.p.impl.SocketProtocolListener Finished processing request 88f7f61d-fe2a-49c6-a411-22208380b39e (type=HEARTBEAT, length=2235 bytes) from mynifi:8080 in 1 millis
2022-03-24 14:55:05,442 INFO [Clustering Tasks Thread-1] o.a.n.c.c.ClusterProtocolHeartbeater Heartbeat created at 2022-03-24 14:55:05,437 and sent to mynifi:8082 at 2022-03-24 14:55:05,442; send took 5 millis
2022-03-24 14:55:06,916 INFO [Heartbeat Monitor Thread-1] o.a.n.c.c.h.AbstractHeartbeatMonitor Finished processing 1 heartbeats in 9200 nanos
2022-03-24 14:55:09,224 INFO [pool-13-thread-1] o.a.n.c.r.WriteAheadFlowFileRepository Initiating checkpoint of FlowFile Repository
2022-03-24 14:55:09,225 INFO [pool-13-thread-1] o.a.n.c.r.WriteAheadFlowFileRepository Successfully checkpointed FlowFile Repository with 0 records in 0 milliseconds
2022-03-24 14:55:10,448 INFO [Process Cluster Protocol Request-8] o.a.n.c.p.impl.SocketProtocolListener Finished processing request 38056604-45d4-492f-9d9f-21549540fc6a (type=HEARTBEAT, length=2235 bytes) from mynifi:8080 in 1 millis
2022-03-24 14:55:10,448 INFO [Clustering Tasks Thread-1] o.a.n.c.c.ClusterProtocolHeartbeater Heartbeat created at 2022-03-24 14:55:10,443 and sent to mynifi:8082 at 2022-03-24 14:55:10,448; send took 5 millis
2022-03-24 14:55:11,918 INFO [Heartbeat Monitor Thread-1] o.a.n.c.c.h.AbstractHeartbeatMonitor Finished processing 1 heartbeats in 10200 nanos
2022-03-24 14:55:15,455 INFO [Process Cluster Protocol Request-9] o.a.n.c.p.impl.SocketProtocolListener Finished processing request fea8dec1-8dec-4db8-b512-2699f4ebdb6b (type=HEARTBEAT, length=2235 bytes) from mynifi:8080 in 1 millis
2022-03-24 14:55:15,456 INFO [Clustering Tasks Thread-1] o.a.n.c.c.ClusterProtocolHeartbeater Heartbeat created at 2022-03-24 14:55:15,450 and sent to mynifi:8082 at 2022-03-24 14:55:15,456; send took 6 millis
2022-03-24 14:55:16,919 INFO [Heartbeat Monitor Thread-1] o.a.n.c.c.h.AbstractHeartbeatMonitor Finished processing 1 heartbeats in 8000 nanos
2022-03-24 14:55:20,461 INFO [Process Cluster Protocol Request-10] o.a.n.c.p.impl.SocketProtocolListener Finished processing request 7dd55e66-78be-4cdd-a34f-c3c6504a50c7 (type=HEARTBEAT, length=2235 bytes) from mynifi:8080 in 1 millis
2022-03-24 14:55:20,464 INFO [Clustering Tasks Thread-1] o.a.n.c.c.ClusterProtocolHeartbeater Heartbeat created at 2022-03-24 14:55:20,457 and sent to mynifi:8082 at 2022-03-24 14:55:20,464; send took 6 millis
2022-03-24 14:55:21,920 INFO [Heartbeat Monitor Thread-1] o.a.n.c.c.h.AbstractHeartbeatMonitor Finished processing 1 heartbeats in 10300 nanos
2022-03-24 14:55:25,469 INFO [Process Cluster Protocol Request-1] o.a.n.c.p.impl.SocketProtocolListener Finished processing request e9b96e04-4803-48b3-a07e-09bdf53335f9 (type=HEARTBEAT, length=2235 bytes) from mynifi:8080 in 1 millis
2022-03-24 14:55:25,470 INFO [Clustering Tasks Thread-1] o.a.n.c.c.ClusterProtocolHeartbeater Heartbeat created at 2022-03-24 14:55:25,465 and sent to mynifi:8082 at 2022-03-24 14:55:25,470; send took 5 millis
2022-03-24 14:55:26,922 INFO [Heartbeat Monitor Thread-1] o.a.n.c.c.h.AbstractHeartbeatMonitor Finished processing 1 heartbeats in 8200 nanos
2022-03-24 14:55:29,226 INFO [pool-13-thread-1] o.a.n.c.r.WriteAheadFlowFileRepository Initiating checkpoint of FlowFile Repository
2022-03-24 14:55:29,227 INFO [pool-13-thread-1] o.a.n.c.r.WriteAheadFlowFileRepository Successfully checkpointed FlowFile Repository with 0 records in 0 milliseconds
2022-03-24 14:55:30,475 INFO [Process Cluster Protocol Request-2] o.a.n.c.p.impl.SocketProtocolListener Finished processing request 7a1025e3-5eb1-46da-bf96-85678e1a8baa (type=HEARTBEAT, length=2235 bytes) from mynifi:8080 in 1 millis
2022-03-24 14:55:30,476 INFO [Clustering Tasks Thread-1] o.a.n.c.c.ClusterProtocolHeartbeater Heartbeat created at 2022-03-24 14:55:30,471 and sent to mynifi:8082 at 2022-03-24 14:55:30,476; send took 4 millis
2022-03-24 14:55:31,923 INFO [Heartbeat Monitor Thread-1] o.a.n.c.c.h.AbstractHeartbeatMonitor Finished processing 1 heartbeats in 7600 nanos
2022-03-24 14:55:35,482 INFO [Process Cluster Protocol Request-3] o.a.n.c.p.impl.SocketProtocolListener Finished processing request e364c1cc-af07-4d80-9488-3afe43e524a4 (type=HEARTBEAT, length=2235 bytes) from mynifi:8080 in 1 millis
2022-03-24 14:55:35,482 INFO [Clustering Tasks Thread-1] o.a.n.c.c.ClusterProtocolHeartbeater Heartbeat created at 2022-03-24 14:55:35,477 and sent to mynifi:8082 at 2022-03-24 14:55:35,482; send took 4 millis
2022-03-24 14:55:36,924 INFO [Heartbeat Monitor Thread-1] o.a.n.c.c.h.AbstractHeartbeatMonitor Finished processing 1 heartbeats in 8200 nanos
2022-03-24 14:55:40,487 INFO [Process Cluster Protocol Request-4] o.a.n.c.p.impl.SocketProtocolListener Finished processing request c7f4e49b-fd49-4a70-afde-d9e67c47a14a (type=HEARTBEAT, length=2235 bytes) from mynifi:8080 in 1 millis
2022-03-24 14:55:40,488 INFO [Clustering Tasks Thread-1] o.a.n.c.c.ClusterProtocolHeartbeater Heartbeat created at 2022-03-24 14:55:40,484 and sent to mynifi:8082 at 2022-03-24 14:55:40,488; send took 4 millis
2022-03-24 14:55:41,925 INFO [Heartbeat Monitor Thread-1] o.a.n.c.c.h.AbstractHeartbeatMonitor Finished processing 1 heartbeats in 7300 nanos
2022-03-24 14:55:45,493 INFO [Process Cluster Protocol Request-5] o.a.n.c.p.impl.SocketProtocolListener Finished processing request 4f8aeacd-1270-446e-9554-70f2c4a49b26 (type=HEARTBEAT, length=2235 bytes) from mynifi:8080 in 1 millis
2022-03-24 14:55:45,494 INFO [Clustering Tasks Thread-1] o.a.n.c.c.ClusterProtocolHeartbeater Heartbeat created at 2022-03-24 14:55:45,489 and sent to mynifi:8082 at 2022-03-24 14:55:45,494; send took 4 millis
2022-03-24 14:55:46,926 INFO [Heartbeat Monitor Thread-1] o.a.n.c.c.h.AbstractHeartbeatMonitor Finished processing 1 heartbeats in 9100 nanos
2022-03-24 14:55:49,228 INFO [pool-13-thread-1] o.a.n.c.r.WriteAheadFlowFileRepository Initiating checkpoint of FlowFile Repository
2022-03-24 14:55:49,229 INFO [pool-13-thread-1] o.a.n.c.r.WriteAheadFlowFileRepository Successfully checkpointed FlowFile Repository with 0 records in 0 milliseconds
2022-03-24 14:55:50,499 INFO [Process Cluster Protocol Request-6] o.a.n.c.p.impl.SocketProtocolListener Finished processing request 77fe516c-c0df-418e-b898-499599581489 (type=HEARTBEAT, length=2235 bytes) from mynifi:8080 in 1 millis
2022-03-24 14:55:50,500 INFO [Clustering Tasks Thread-1] o.a.n.c.c.ClusterProtocolHeartbeater Heartbeat created at 2022-03-24 14:55:50,495 and sent to mynifi:8082 at 2022-03-24 14:55:50,500; send took 4 millis
2022-03-24 14:55:51,927 INFO [Heartbeat Monitor Thread-1] o.a.n.c.c.h.AbstractHeartbeatMonitor Finished processing 1 heartbeats in 7900 nanos
2022-03-24 14:55:55,505 INFO [Process Cluster Protocol Request-7] o.a.n.c.p.impl.SocketProtocolListener Finished processing request 0e399a5a-8ba4-4e58-a887-61858786b779 (type=HEARTBEAT, length=2235 bytes) from mynifi:8080 in 1 millis
2022-03-24 14:55:55,507 INFO [Clustering Tasks Thread-1] o.a.n.c.c.ClusterProtocolHeartbeater Heartbeat created at 2022-03-24 14:55:55,501 and sent to mynifi:8082 at 2022-03-24 14:55:55,507; send took 5 millis
2022-03-24 14:55:56,927 INFO [Heartbeat Monitor Thread-1] o.a.n.c.c.h.AbstractHeartbeatMonitor Finished processing 1 heartbeats in 7800 nanos
2022-03-24 14:56:00,512 INFO [Process Cluster Protocol Request-8] o.a.n.c.p.impl.SocketProtocolListener Finished processing request 60f689b5-33c0-4a61-9dd6-178d4adb64ef (type=HEARTBEAT, length=2235 bytes) from mynifi:8080 in 1 millis
2022-03-24 14:56:00,513 INFO [Clustering Tasks Thread-1] o.a.n.c.c.ClusterProtocolHeartbeater Heartbeat created at 2022-03-24 14:56:00,508 and sent to mynifi:8082 at 2022-03-24 14:56:00,513; send took 4 millis
2022-03-24 14:56:01,928 INFO [Heartbeat Monitor Thread-1] o.a.n.c.c.h.AbstractHeartbeatMonitor Finished processing 1 heartbeats in 7200 nanos
2022-03-24 14:56:02,599 INFO [Cleanup Archive for default] o.a.n.c.repository.FileSystemRepository Successfully deleted 0 files (0 bytes) from archive
2022-03-24 14:56:05,519 INFO [Process Cluster Protocol Request-9] o.a.n.c.p.impl.SocketProtocolListener Finished processing request deb1d526-74bb-487c-a6dd-b73d8d5ba571 (type=HEARTBEAT, length=2235 bytes) from mynifi:8080 in 1 millis
2022-03-24 14:56:05,519 INFO [Clustering Tasks Thread-1] o.a.n.c.c.ClusterProtocolHeartbeater Heartbeat created at 2022-03-24 14:56:05,514 and sent to mynifi:8082 at 2022-03-24 14:56:05,519; send took 5 millis
2022-03-24 14:56:06,929 INFO [Heartbeat Monitor Thread-1] o.a.n.c.c.h.AbstractHeartbeatMonitor Finished processing 1 heartbeats in 7600 nanos
2022-03-24 14:56:09,230 INFO [pool-13-thread-1] o.a.n.c.r.WriteAheadFlowFileRepository Initiating checkpoint of FlowFile Repository
2022-03-24 14:56:09,231 INFO [pool-13-thread-1] o.a.n.c.r.WriteAheadFlowFileRepository Successfully checkpointed FlowFile Repository with 0 records in 0 milliseconds
2022-03-24 14:56:10,524 INFO [Process Cluster Protocol Request-10] o.a.n.c.p.impl.SocketProtocolListener Finished processing request f1519746-1be8-4455-9fe5-6a6bfb393ddc (type=HEARTBEAT, length=2235 bytes) from mynifi:8080 in 1 millis
2022-03-24 14:56:10,526 INFO [Clustering Tasks Thread-1] o.a.n.c.c.ClusterProtocolHeartbeater Heartbeat created at 2022-03-24 14:56:10,521 and sent to mynifi:8082 at 2022-03-24 14:56:10,526; send took 5 millis
2022-03-24 14:56:11,930 INFO [Heartbeat Monitor Thread-1] o.a.n.c.c.h.AbstractHeartbeatMonitor Finished processing 1 heartbeats in 7300 nanos
2022-03-24 14:56:15,482 INFO [Write-Ahead Local State Provider Maintenance] org.wali.MinimalLockingWriteAheadLog org.wali.MinimalLockingWriteAheadLog@66e12c3b checkpointed with 20 Records and 0 Swap Files in 284 milliseconds (Stop-the-world time = 100 milliseconds, Clear Edit Logs time = 164 millis), max Transaction ID 343
2022-03-24 14:56:15,535 INFO [Process Cluster Protocol Request-1] o.a.n.c.p.impl.SocketProtocolListener Finished processing request 2647b5ff-7a62-4c23-a376-4166062974b2 (type=HEARTBEAT, length=2235 bytes) from mynifi:8080 in 3 millis
2022-03-24 14:56:15,537 INFO [Clustering Tasks Thread-1] o.a.n.c.c.ClusterProtocolHeartbeater Heartbeat created at 2022-03-24 14:56:15,527 and sent to mynifi:8082 at 2022-03-24 14:56:15,537; send took 9 millis
2022-03-24 14:56:16,931 INFO [Heartbeat Monitor Thread-1] o.a.n.c.c.h.AbstractHeartbeatMonitor Finished processing 1 heartbeats in 7000 nanos
2022-03-24 14:56:20,543 INFO [Process Cluster Protocol Request-2] o.a.n.c.p.impl.SocketProtocolListener Finished processing request ebee95bd-687a-40bc-8b68-e44fbe85f0d6 (type=HEARTBEAT, length=2235 bytes) from mynifi:8080 in 1 millis
2022-03-24 14:56:20,544 INFO [Clustering Tasks Thread-1] o.a.n.c.c.ClusterProtocolHeartbeater Heartbeat created at 2022-03-24 14:56:20,540 and sent to mynifi:8082 at 2022-03-24 14:56:20,544; send took 4 millis
2022-03-24 14:56:21,933 INFO [Heartbeat Monitor Thread-1] o.a.n.c.c.h.AbstractHeartbeatMonitor Finished processing 1 heartbeats in 8400 nanos
2022-03-24 14:56:25,549 INFO [Process Cluster Protocol Request-3] o.a.n.c.p.impl.SocketProtocolListener Finished processing request 32a2da2c-9ba0-4c10-8c13-93949e82bec8 (type=HEARTBEAT, length=2235 bytes) from mynifi:8080 in 1 millis
2022-03-24 14:56:25,550 INFO [Clustering Tasks Thread-1] o.a.n.c.c.ClusterProtocolHeartbeater Heartbeat created at 2022-03-24 14:56:25,545 and sent to mynifi:8082 at 2022-03-24 14:56:25,550; send took 5 millis
2022-03-24 14:56:26,934 INFO [Heartbeat Monitor Thread-1] o.a.n.c.c.h.AbstractHeartbeatMonitor Finished processing 1 heartbeats in 7700 nanos
2022-03-24 14:56:29,231 INFO [pool-13-thread-1] o.a.n.c.r.WriteAheadFlowFileRepository Initiating checkpoint of FlowFile Repository
2022-03-24 14:56:29,236 INFO [pool-13-thread-1] o.a.n.c.r.WriteAheadFlowFileRepository Successfully checkpointed FlowFile Repository with 0 records in 0 milliseconds
2022-03-24 14:56:30,557 INFO [Process Cluster Protocol Request-4] o.a.n.c.p.impl.SocketProtocolListener Finished processing request 6073040a-71c4-4cc5-9ab9-42418b48cffe (type=HEARTBEAT, length=2235 bytes) from mynifi:8080 in 2 millis
2022-03-24 14:56:30,558 INFO [Clustering Tasks Thread-1] o.a.n.c.c.ClusterProtocolHeartbeater Heartbeat created at 2022-03-24 14:56:30,551 and sent to mynifi:8082 at 2022-03-24 14:56:30,558; send took 6 millis
2022-03-24 14:56:31,934 INFO [Heartbeat Monitor Thread-1] o.a.n.c.c.h.AbstractHeartbeatMonitor Finished processing 1 heartbeats in 14700 nanos
2022-03-24 14:56:35,570 INFO [Process Cluster Protocol Request-5] o.a.n.c.p.impl.SocketProtocolListener Finished processing request bb130af7-84e3-4c38-9627-76cbfd501f13 (type=HEARTBEAT, length=2235 bytes) from mynifi:8080 in 2 millis
2022-03-24 14:56:35,573 INFO [Clustering Tasks Thread-1] o.a.n.c.c.ClusterProtocolHeartbeater Heartbeat created at 2022-03-24 14:56:35,564 and sent to mynifi:8082 at 2022-03-24 14:56:35,573; send took 9 millis
2022-03-24 14:56:36,936 INFO [Heartbeat Monitor Thread-1] o.a.n.c.c.h.AbstractHeartbeatMonitor Finished processing 1 heartbeats in 22400 nanos
2022-03-24 14:56:40,580 INFO [Process Cluster Protocol Request-6] o.a.n.c.p.impl.SocketProtocolListener Finished processing request b6324cd0-88fe-453e-b5e8-449ce29643d6 (type=HEARTBEAT, length=2235 bytes) from mynifi:8080 in 2 millis
2022-03-24 14:56:40,582 INFO [Clustering Tasks Thread-1] o.a.n.c.c.ClusterProtocolHeartbeater Heartbeat created at 2022-03-24 14:56:40,574 and sent to mynifi:8082 at 2022-03-24 14:56:40,582; send took 7 millis
2022-03-24 14:56:41,937 INFO [Heartbeat Monitor Thread-1] o.a.n.c.c.h.AbstractHeartbeatMonitor Finished processing 1 heartbeats in 17400 nanos
2022-03-24 14:56:45,589 INFO [Process Cluster Protocol Request-7] o.a.n.c.p.impl.SocketProtocolListener Finished processing request e021fca9-a360-4e20-9ee5-bb3c07cb3b78 (type=HEARTBEAT, length=2235 bytes) from mynifi:8080 in 1 millis
2022-03-24 14:56:45,591 INFO [Clustering Tasks Thread-1] o.a.n.c.c.ClusterProtocolHeartbeater Heartbeat created at 2022-03-24 14:56:45,583 and sent to mynifi:8082 at 2022-03-24 14:56:45,591; send took 7 millis
2022-03-24 14:56:46,939 INFO [Heartbeat Monitor Thread-1] o.a.n.c.c.h.AbstractHeartbeatMonitor Finished processing 1 heartbeats in 20300 nanos
2022-03-24 14:56:49,238 INFO [pool-13-thread-1] o.a.n.c.r.WriteAheadFlowFileRepository Initiating checkpoint of FlowFile Repository
2022-03-24 14:56:49,239 INFO [pool-13-thread-1] o.a.n.c.r.WriteAheadFlowFileRepository Successfully checkpointed FlowFile Repository with 0 records in 0 milliseconds
2022-03-24 14:56:50,598 INFO [Process Cluster Protocol Request-8] o.a.n.c.p.impl.SocketProtocolListener Finished processing request 4baf7540-c0a3-4796-a203-df78ff0020e9 (type=HEARTBEAT, length=2235 bytes) from mynifi:8080 in 3 millis
2022-03-24 14:56:50,602 INFO [Clustering Tasks Thread-1] o.a.n.c.c.ClusterProtocolHeartbeater Heartbeat created at 2022-03-24 14:56:50,592 and sent to mynifi:8082 at 2022-03-24 14:56:50,602; send took 9 millis
2022-03-24 14:56:51,940 INFO [Heartbeat Monitor Thread-1] o.a.n.c.c.h.AbstractHeartbeatMonitor Finished processing 1 heartbeats in 11600 nanos
2022-03-24 14:56:55,607 INFO [Process Cluster Protocol Request-9] o.a.n.c.p.impl.SocketProtocolListener Finished processing request 41a0ce1a-6d7d-473c-b8b3-afcef55a7379 (type=HEARTBEAT, length=2235 bytes) from mynifi:8080 in 1 millis
2022-03-24 14:56:55,609 INFO [Clustering Tasks Thread-1] o.a.n.c.c.ClusterProtocolHeartbeater Heartbeat created at 2022-03-24 14:56:55,603 and sent to mynifi:8082 at 2022-03-24 14:56:55,609; send took 6 millis
2022-03-24 14:56:56,941 INFO [Heartbeat Monitor Thread-1] o.a.n.c.c.h.AbstractHeartbeatMonitor Finished processing 1 heartbeats in 14600 nanos
2022-03-24 14:57:00,620 INFO [Process Cluster Protocol Request-10] o.a.n.c.p.impl.SocketProtocolListener Finished processing request 86dbd5da-7c49-422a-ad59-c6fdbc3f77b6 (type=HEARTBEAT, length=2235 bytes) from mynifi:8080 in 4 millis
2022-03-24 14:57:00,623 INFO [Clustering Tasks Thread-1] o.a.n.c.c.ClusterProtocolHeartbeater Heartbeat created at 2022-03-24 14:57:00,610 and sent to mynifi:8082 at 2022-03-24 14:57:00,621; send took 10 millis
2022-03-24 14:57:01,942 INFO [Heartbeat Monitor Thread-1] o.a.n.c.c.h.AbstractHeartbeatMonitor Finished processing 1 heartbeats in 16800 nanos
2022-03-24 14:57:04,274 INFO [Cleanup Archive for default] o.a.n.c.repository.FileSystemRepository Successfully deleted 0 files (0 bytes) from archive
2022-03-24 14:57:05,631 INFO [Process Cluster Protocol Request-1] o.a.n.c.p.impl.SocketProtocolListener Finished processing request 2323cc5b-710c-46ee-b0e9-f0fbfcdb8a5c (type=HEARTBEAT, length=2235 bytes) from mynifi:8080 in 2 millis
2022-03-24 14:57:05,632 INFO [Clustering Tasks Thread-1] o.a.n.c.c.ClusterProtocolHeartbeater Heartbeat created at 2022-03-24 14:57:05,626 and sent to mynifi:8082 at 2022-03-24 14:57:05,632; send took 6 millis
2022-03-24 14:57:06,943 INFO [Heartbeat Monitor Thread-1] o.a.n.c.c.h.AbstractHeartbeatMonitor Finished processing 1 heartbeats in 19600 nanos
2022-03-24 14:57:09,240 INFO [pool-13-thread-1] o.a.n.c.r.WriteAheadFlowFileRepository Initiating checkpoint of FlowFile Repository
2022-03-24 14:57:09,240 INFO [pool-13-thread-1] o.a.n.c.r.WriteAheadFlowFileRepository Successfully checkpointed FlowFile Repository with 0 records in 0 milliseconds
2022-03-24 14:57:10,639 INFO [Process Cluster Protocol Request-2] o.a.n.c.p.impl.SocketProtocolListener Finished processing request efd66df1-6fb1-435f-ae20-7448fea1b01a (type=HEARTBEAT, length=2235 bytes) from mynifi:8080 in 1 millis
2022-03-24 14:57:10,640 INFO [Clustering Tasks Thread-1] o.a.n.c.c.ClusterProtocolHeartbeater Heartbeat created at 2022-03-24 14:57:10,634 and sent to mynifi:8082 at 2022-03-24 14:57:10,640; send took 5 millis
2022-03-24 14:57:11,944 INFO [Heartbeat Monitor Thread-1] o.a.n.c.c.h.AbstractHeartbeatMonitor Finished processing 1 heartbeats in 7900 nanos
2022-03-24 14:57:15,645 INFO [Process Cluster Protocol Request-3] o.a.n.c.p.impl.SocketProtocolListener Finished processing request c419a6da-3347-4e94-ad7d-89660e23b835 (type=HEARTBEAT, length=2235 bytes) from mynifi:8080 in 2 millis
2022-03-24 14:57:15,647 INFO [Clustering Tasks Thread-1] o.a.n.c.c.ClusterProtocolHeartbeater Heartbeat created at 2022-03-24 14:57:15,641 and sent to mynifi:8082 at 2022-03-24 14:57:15,647; send took 6 millis
2022-03-24 14:57:16,945 INFO [Heartbeat Monitor Thread-1] o.a.n.c.c.h.AbstractHeartbeatMonitor Finished processing 1 heartbeats in 7300 nanos
2022-03-24 14:57:20,652 INFO [Process Cluster Protocol Request-4] o.a.n.c.p.impl.SocketProtocolListener Finished processing request 219c4fa6-97aa-4de5-aaa6-733ee88a7cba (type=HEARTBEAT, length=2235 bytes) from mynifi:8080 in 1 millis
2022-03-24 14:57:20,652 INFO [Clustering Tasks Thread-1] o.a.n.c.c.ClusterProtocolHeartbeater Heartbeat created at 2022-03-24 14:57:20,648 and sent to mynifi:8082 at 2022-03-24 14:57:20,652; send took 4 millis
2022-03-24 14:57:21,946 INFO [Heartbeat Monitor Thread-1] o.a.n.c.c.h.AbstractHeartbeatMonitor Finished processing 1 heartbeats in 7600 nanos
2022-03-24 14:57:25,657 INFO [Process Cluster Protocol Request-5] o.a.n.c.p.impl.SocketProtocolListener Finished processing request ad4dd918-58d9-4335-9da4-f86b84ebcc09 (type=HEARTBEAT, length=2235 bytes) from mynifi:8080 in 1 millis
2022-03-24 14:57:25,658 INFO [Clustering Tasks Thread-1] o.a.n.c.c.ClusterProtocolHeartbeater Heartbeat created at 2022-03-24 14:57:25,654 and sent to mynifi:8082 at 2022-03-24 14:57:25,658; send took 4 millis
2022-03-24 14:57:26,948 INFO [Heartbeat Monitor Thread-1] o.a.n.c.c.h.AbstractHeartbeatMonitor Finished processing 1 heartbeats in 7100 nanos
2022-03-24 14:57:29,241 INFO [pool-13-thread-1] o.a.n.c.r.WriteAheadFlowFileRepository Initiating checkpoint of FlowFile Repository
2022-03-24 14:57:29,242 INFO [pool-13-thread-1] o.a.n.c.r.WriteAheadFlowFileRepository Successfully checkpointed FlowFile Repository with 0 records in 0 milliseconds
2022-03-24 14:57:30,664 INFO [Process Cluster Protocol Request-6] o.a.n.c.p.impl.SocketProtocolListener Finished processing request d59d1e6c-fdd6-4c7b-b695-3df09adea811 (type=HEARTBEAT, length=2235 bytes) from mynifi:8080 in 1 millis
2022-03-24 14:57:30,665 INFO [Clustering Tasks Thread-1] o.a.n.c.c.ClusterProtocolHeartbeater Heartbeat created at 2022-03-24 14:57:30,659 and sent to mynifi:8082 at 2022-03-24 14:57:30,665; send took 5 millis
2022-03-24 14:57:31,948 INFO [Heartbeat Monitor Thread-1] o.a.n.c.c.h.AbstractHeartbeatMonitor Finished processing 1 heartbeats in 12300 nanos
2022-03-24 14:57:35,670 INFO [Process Cluster Protocol Request-7] o.a.n.c.p.impl.SocketProtocolListener Finished processing request 8d303ce2-b8d6-4c8f-a898-61b44f53044d (type=HEARTBEAT, length=2235 bytes) from mynifi:8080 in 1 millis
2022-03-24 14:57:35,671 INFO [Clustering Tasks Thread-1] o.a.n.c.c.ClusterProtocolHeartbeater Heartbeat created at 2022-03-24 14:57:35,666 and sent to mynifi:8082 at 2022-03-24 14:57:35,671; send took 5 millis
2022-03-24 14:57:36,949 INFO [Heartbeat Monitor Thread-1] o.a.n.c.c.h.AbstractHeartbeatMonitor Finished processing 1 heartbeats in 10700 nanos
2022-03-24 14:57:40,675 INFO [Process Cluster Protocol Request-8] o.a.n.c.p.impl.SocketProtocolListener Finished processing request 9a41c9b4-ddcc-4042-b511-a0fc612dc45b (type=HEARTBEAT, length=2235 bytes) from mynifi:8080 in 1 millis
2022-03-24 14:57:40,676 INFO [Clustering Tasks Thread-1] o.a.n.c.c.ClusterProtocolHeartbeater Heartbeat created at 2022-03-24 14:57:40,672 and sent to mynifi:8082 at 2022-03-24 14:57:40,676; send took 3 millis
2022-03-24 14:57:41,950 INFO [Heartbeat Monitor Thread-1] o.a.n.c.c.h.AbstractHeartbeatMonitor Finished processing 1 heartbeats in 7800 nanos
2022-03-24 14:57:45,681 INFO [Process Cluster Protocol Request-9] o.a.n.c.p.impl.SocketProtocolListener Finished processing request 74071958-053a-41d0-884e-33ba54262b64 (type=HEARTBEAT, length=2235 bytes) from mynifi:8080 in 1 millis
2022-03-24 14:57:45,682 INFO [Clustering Tasks Thread-1] o.a.n.c.c.ClusterProtocolHeartbeater Heartbeat created at 2022-03-24 14:57:45,677 and sent to mynifi:8082 at 2022-03-24 14:57:45,682; send took 4 millis
2022-03-24 14:57:46,951 INFO [Heartbeat Monitor Thread-1] o.a.n.c.c.h.AbstractHeartbeatMonitor Finished processing 1 heartbeats in 20100 nanos
2022-03-24 14:57:49,244 INFO [pool-13-thread-1] o.a.n.c.r.WriteAheadFlowFileRepository Initiating checkpoint of FlowFile Repository
2022-03-24 14:57:49,245 INFO [pool-13-thread-1] o.a.n.c.r.WriteAheadFlowFileRepository Successfully checkpointed FlowFile Repository with 0 records in 0 milliseconds
2022-03-24 14:57:50,689 INFO [Process Cluster Protocol Request-10] o.a.n.c.p.impl.SocketProtocolListener Finished processing request afeae064-9113-4d7d-9def-bcea04e6f73e (type=HEARTBEAT, length=2235 bytes) from mynifi:8080 in 2 millis
2022-03-24 14:57:50,690 INFO [Clustering Tasks Thread-1] o.a.n.c.c.ClusterProtocolHeartbeater Heartbeat created at 2022-03-24 14:57:50,684 and sent to mynifi:8082 at 2022-03-24 14:57:50,690; send took 6 millis
2022-03-24 14:57:51,953 INFO [Heartbeat Monitor Thread-1] o.a.n.c.c.h.AbstractHeartbeatMonitor Finished processing 1 heartbeats in 29500 nanos
2022-03-24 14:57:55,696 INFO [Process Cluster Protocol Request-1] o.a.n.c.p.impl.SocketProtocolListener Finished processing request 1bc90053-e97b-47c2-b6c2-fcbb38b21123 (type=HEARTBEAT, length=2235 bytes) from mynifi:8080 in 1 millis
2022-03-24 14:57:55,697 INFO [Clustering Tasks Thread-1] o.a.n.c.c.ClusterProtocolHeartbeater Heartbeat created at 2022-03-24 14:57:55,691 and sent to mynifi:8082 at 2022-03-24 14:57:55,697; send took 5 millis
2022-03-24 14:57:56,954 INFO [Heartbeat Monitor Thread-1] o.a.n.c.c.h.AbstractHeartbeatMonitor Finished processing 1 heartbeats in 11200 nanos
2022-03-24 14:58:00,706 INFO [Process Cluster Protocol Request-2] o.a.n.c.p.impl.SocketProtocolListener Finished processing request ba5d74ab-6d5f-4629-8a93-8bd6d04f3be4 (type=HEARTBEAT, length=2235 bytes) from mynifi:8080 in 2 millis
2022-03-24 14:58:00,709 INFO [Clustering Tasks Thread-1] o.a.n.c.c.ClusterProtocolHeartbeater Heartbeat created at 2022-03-24 14:58:00,698 and sent to mynifi:8082 at 2022-03-24 14:58:00,709; send took 10 millis
2022-03-24 14:58:01,955 INFO [Heartbeat Monitor Thread-1] o.a.n.c.c.h.AbstractHeartbeatMonitor Finished processing 1 heartbeats in 13200 nanos
2022-03-24 14:58:05,382 INFO [Cleanup Archive for default] o.a.n.c.repository.FileSystemRepository Successfully deleted 0 files (0 bytes) from archive
2022-03-24 14:58:05,714 INFO [Process Cluster Protocol Request-3] o.a.n.c.p.impl.SocketProtocolListener Finished processing request 17cd0b29-7bb5-49ff-acd3-54b25c1bb0b7 (type=HEARTBEAT, length=2235 bytes) from mynifi:8080 in 1 millis
2022-03-24 14:58:05,715 INFO [Clustering Tasks Thread-1] o.a.n.c.c.ClusterProtocolHeartbeater Heartbeat created at 2022-03-24 14:58:05,710 and sent to mynifi:8082 at 2022-03-24 14:58:05,715; send took 4 millis
2022-03-24 14:58:06,956 INFO [Heartbeat Monitor Thread-1] o.a.n.c.c.h.AbstractHeartbeatMonitor Finished processing 1 heartbeats in 7500 nanos
2022-03-24 14:58:09,246 INFO [pool-13-thread-1] o.a.n.c.r.WriteAheadFlowFileRepository Initiating checkpoint of FlowFile Repository
2022-03-24 14:58:09,248 INFO [pool-13-thread-1] o.a.n.c.r.WriteAheadFlowFileRepository Successfully checkpointed FlowFile Repository with 0 records in 0 milliseconds
2022-03-24 14:58:10,720 INFO [Process Cluster Protocol Request-4] o.a.n.c.p.impl.SocketProtocolListener Finished processing request 4f81f9ba-4670-46dd-9f89-fdb78c2f6bc2 (type=HEARTBEAT, length=2235 bytes) from mynifi:8080 in 1 millis
2022-03-24 14:58:10,722 INFO [Clustering Tasks Thread-1] o.a.n.c.c.ClusterProtocolHeartbeater Heartbeat created at 2022-03-24 14:58:10,716 and sent to mynifi:8082 at 2022-03-24 14:58:10,722; send took 5 millis
2022-03-24 14:58:11,958 INFO [Heartbeat Monitor Thread-1] o.a.n.c.c.h.AbstractHeartbeatMonitor Finished processing 1 heartbeats in 7500 nanos
2022-03-24 14:58:15,726 INFO [Process Cluster Protocol Request-5] o.a.n.c.p.impl.SocketProtocolListener Finished processing request b82fb9e6-84c9-4b0c-a012-c828e740aba3 (type=HEARTBEAT, length=2235 bytes) from mynifi:8080 in 1 millis
2022-03-24 14:58:15,728 INFO [Clustering Tasks Thread-1] o.a.n.c.c.ClusterProtocolHeartbeater Heartbeat created at 2022-03-24 14:58:15,723 and sent to mynifi:8082 at 2022-03-24 14:58:15,728; send took 5 millis
2022-03-24 14:58:15,766 INFO [Write-Ahead Local State Provider Maintenance] org.wali.MinimalLockingWriteAheadLog org.wali.MinimalLockingWriteAheadLog@66e12c3b checkpointed with 20 Records and 0 Swap Files in 283 milliseconds (Stop-the-world time = 133 milliseconds, Clear Edit Logs time = 130 millis), max Transaction ID 343
2022-03-24 14:58:16,959 INFO [Heartbeat Monitor Thread-1] o.a.n.c.c.h.AbstractHeartbeatMonitor Finished processing 1 heartbeats in 10600 nanos
2022-03-24 14:58:20,733 INFO [Process Cluster Protocol Request-6] o.a.n.c.p.impl.SocketProtocolListener Finished processing request dedc47bf-8bcc-452e-9fb8-7bca4597e626 (type=HEARTBEAT, length=2235 bytes) from mynifi:8080 in 1 millis
2022-03-24 14:58:20,733 INFO [Clustering Tasks Thread-1] o.a.n.c.c.ClusterProtocolHeartbeater Heartbeat created at 2022-03-24 14:58:20,729 and sent to mynifi:8082 at 2022-03-24 14:58:20,733; send took 4 millis
2022-03-24 14:58:21,961 INFO [Heartbeat Monitor Thread-1] o.a.n.c.c.h.AbstractHeartbeatMonitor Finished processing 1 heartbeats in 7900 nanos
2022-03-24 14:58:25,741 INFO [Process Cluster Protocol Request-7] o.a.n.c.p.impl.SocketProtocolListener Finished processing request 3972dbc5-7993-4d73-abf0-fe994368461d (type=HEARTBEAT, length=2235 bytes) from mynifi:8080 in 1 millis
2022-03-24 14:58:25,742 INFO [Clustering Tasks Thread-1] o.a.n.c.c.ClusterProtocolHeartbeater Heartbeat created at 2022-03-24 14:58:25,735 and sent to mynifi:8082 at 2022-03-24 14:58:25,742; send took 7 millis
2022-03-24 14:58:26,962 INFO [Heartbeat Monitor Thread-1] o.a.n.c.c.h.AbstractHeartbeatMonitor Finished processing 1 heartbeats in 7200 nanos
2022-03-24 14:58:29,249 INFO [pool-13-thread-1] o.a.n.c.r.WriteAheadFlowFileRepository Initiating checkpoint of FlowFile Repository
2022-03-24 14:58:29,250 INFO [pool-13-thread-1] o.a.n.c.r.WriteAheadFlowFileRepository Successfully checkpointed FlowFile Repository with 0 records in 0 milliseconds
2022-03-24 14:58:30,749 INFO [Process Cluster Protocol Request-8] o.a.n.c.p.impl.SocketProtocolListener Finished processing request 04e79134-0b99-476d-8b68-43e1e5050273 (type=HEARTBEAT, length=2235 bytes) from mynifi:8080 in 1 millis
2022-03-24 14:58:30,750 INFO [Clustering Tasks Thread-1] o.a.n.c.c.ClusterProtocolHeartbeater Heartbeat created at 2022-03-24 14:58:30,744 and sent to mynifi:8082 at 2022-03-24 14:58:30,750; send took 5 millis
2022-03-24 14:58:31,963 INFO [Heartbeat Monitor Thread-1] o.a.n.c.c.h.AbstractHeartbeatMonitor Finished processing 1 heartbeats in 16300 nanos
2022-03-24 14:58:35,754 INFO [Process Cluster Protocol Request-9] o.a.n.c.p.impl.SocketProtocolListener Finished processing request a8e40017-1805-4138-a0f3-7118a845a756 (type=HEARTBEAT, length=2235 bytes) from mynifi:8080 in 1 millis
2022-03-24 14:58:35,755 INFO [Clustering Tasks Thread-1] o.a.n.c.c.ClusterProtocolHeartbeater Heartbeat created at 2022-03-24 14:58:35,751 and sent to mynifi:8082 at 2022-03-24 14:58:35,755; send took 4 millis
2022-03-24 14:58:36,966 INFO [Heartbeat Monitor Thread-1] o.a.n.c.c.h.AbstractHeartbeatMonitor Finished processing 1 heartbeats in 8000 nanos
2022-03-24 14:58:40,760 INFO [Process Cluster Protocol Request-10] o.a.n.c.p.impl.SocketProtocolListener Finished processing request 784b8470-bea3-4dad-9e79-c7899ca59606 (type=HEARTBEAT, length=2235 bytes) from mynifi:8080 in 1 millis
2022-03-24 14:58:40,761 INFO [Clustering Tasks Thread-1] o.a.n.c.c.ClusterProtocolHeartbeater Heartbeat created at 2022-03-24 14:58:40,756 and sent to mynifi:8082 at 2022-03-24 14:58:40,761; send took 4 millis
2022-03-24 14:58:41,968 INFO [Heartbeat Monitor Thread-1] o.a.n.c.c.h.AbstractHeartbeatMonitor Finished processing 1 heartbeats in 10000 nanos
2022-03-24 14:58:45,766 INFO [Process Cluster Protocol Request-1] o.a.n.c.p.impl.SocketProtocolListener Finished processing request 31f1d802-07ae-4ba4-afb8-bc1b325492e3 (type=HEARTBEAT, length=2235 bytes) from mynifi:8080 in 1 millis
2022-03-24 14:58:45,767 INFO [Clustering Tasks Thread-1] o.a.n.c.c.ClusterProtocolHeartbeater Heartbeat created at 2022-03-24 14:58:45,762 and sent to mynifi:8082 at 2022-03-24 14:58:45,767; send took 4 millis
2022-03-24 14:58:46,969 INFO [Heartbeat Monitor Thread-1] o.a.n.c.c.h.AbstractHeartbeatMonitor Finished processing 1 heartbeats in 7500 nanos
2022-03-24 14:58:49,251 INFO [pool-13-thread-1] o.a.n.c.r.WriteAheadFlowFileRepository Initiating checkpoint of FlowFile Repository
2022-03-24 14:58:49,252 INFO [pool-13-thread-1] o.a.n.c.r.WriteAheadFlowFileRepository Successfully checkpointed FlowFile Repository with 0 records in 0 milliseconds
2022-03-24 14:58:50,771 INFO [Process Cluster Protocol Request-2] o.a.n.c.p.impl.SocketProtocolListener Finished processing request a9f19446-3b2b-4d8b-9e12-523c19fe175b (type=HEARTBEAT, length=2235 bytes) from mynifi:8080 in 1 millis
2022-03-24 14:58:50,772 INFO [Clustering Tasks Thread-1] o.a.n.c.c.ClusterProtocolHeartbeater Heartbeat created at 2022-03-24 14:58:50,768 and sent to mynifi:8082 at 2022-03-24 14:58:50,772; send took 3 millis
2022-03-24 14:58:51,970 INFO [Heartbeat Monitor Thread-1] o.a.n.c.c.h.AbstractHeartbeatMonitor Finished processing 1 heartbeats in 7600 nanos
2022-03-24 14:58:55,777 INFO [Process Cluster Protocol Request-3] o.a.n.c.p.impl.SocketProtocolListener Finished processing request 38e61ccb-e516-469b-8e57-3921eb951689 (type=HEARTBEAT, length=2235 bytes) from mynifi:8080 in 1 millis
2022-03-24 14:58:55,778 INFO [Clustering Tasks Thread-1] o.a.n.c.c.ClusterProtocolHeartbeater Heartbeat created at 2022-03-24 14:58:55,773 and sent to mynifi:8082 at 2022-03-24 14:58:55,778; send took 5 millis
2022-03-24 14:58:56,971 INFO [Heartbeat Monitor Thread-1] o.a.n.c.c.h.AbstractHeartbeatMonitor Finished processing 1 heartbeats in 11000 nanos
2022-03-24 14:59:00,783 INFO [Process Cluster Protocol Request-4] o.a.n.c.p.impl.SocketProtocolListener Finished processing request 3c524bab-d43a-464c-8d40-40b875c5a9d4 (type=HEARTBEAT, length=2235 bytes) from mynifi:8080 in 1 millis
2022-03-24 14:59:00,784 INFO [Clustering Tasks Thread-1] o.a.n.c.c.ClusterProtocolHeartbeater Heartbeat created at 2022-03-24 14:59:00,779 and sent to mynifi:8082 at 2022-03-24 14:59:00,784; send took 4 millis
2022-03-24 14:59:01,973 INFO [Heartbeat Monitor Thread-1] o.a.n.c.c.h.AbstractHeartbeatMonitor Finished processing 1 heartbeats in 8600 nanos
2022-03-24 14:59:05,788 INFO [Process Cluster Protocol Request-5] o.a.n.c.p.impl.SocketProtocolListener Finished processing request 1e232240-c248-4dd0-8226-7f6ca2c5c1e1 (type=HEARTBEAT, length=2235 bytes) from mynifi:8080 in 1 millis
2022-03-24 14:59:05,789 INFO [Clustering Tasks Thread-1] o.a.n.c.c.ClusterProtocolHeartbeater Heartbeat created at 2022-03-24 14:59:05,785 and sent to mynifi:8082 at 2022-03-24 14:59:05,789; send took 4 millis
2022-03-24 14:59:06,322 INFO [Cleanup Archive for default] o.a.n.c.repository.FileSystemRepository Successfully deleted 0 files (0 bytes) from archive
2022-03-24 14:59:06,974 INFO [Heartbeat Monitor Thread-1] o.a.n.c.c.h.AbstractHeartbeatMonitor Finished processing 1 heartbeats in 7400 nanos
2022-03-24 14:59:09,253 INFO [pool-13-thread-1] o.a.n.c.r.WriteAheadFlowFileRepository Initiating checkpoint of FlowFile Repository
2022-03-24 14:59:09,254 INFO [pool-13-thread-1] o.a.n.c.r.WriteAheadFlowFileRepository Successfully checkpointed FlowFile Repository with 0 records in 0 milliseconds
2022-03-24 14:59:10,794 INFO [Process Cluster Protocol Request-6] o.a.n.c.p.impl.SocketProtocolListener Finished processing request 6939a564-178e-4b69-9fc9-02929721ed44 (type=HEARTBEAT, length=2235 bytes) from mynifi:8080 in 1 millis
2022-03-24 14:59:10,795 INFO [Clustering Tasks Thread-1] o.a.n.c.c.ClusterProtocolHeartbeater Heartbeat created at 2022-03-24 14:59:10,790 and sent to mynifi:8082 at 2022-03-24 14:59:10,795; send took 4 millis
2022-03-24 14:59:11,975 INFO [Heartbeat Monitor Thread-1] o.a.n.c.c.h.AbstractHeartbeatMonitor Finished processing 1 heartbeats in 8400 nanos
2022-03-24 14:59:15,801 INFO [Process Cluster Protocol Request-7] o.a.n.c.p.impl.SocketProtocolListener Finished processing request a9013de3-06da-4eb7-8bf0-99879f87d86f (type=HEARTBEAT, length=2235 bytes) from mynifi:8080 in 1 millis
2022-03-24 14:59:15,801 INFO [Clustering Tasks Thread-1] o.a.n.c.c.ClusterProtocolHeartbeater Heartbeat created at 2022-03-24 14:59:15,797 and sent to mynifi:8082 at 2022-03-24 14:59:15,801; send took 4 millis
2022-03-24 14:59:16,976 INFO [Heartbeat Monitor Thread-1] o.a.n.c.c.h.AbstractHeartbeatMonitor Finished processing 1 heartbeats in 7300 nanos
2022-03-24 14:59:20,807 INFO [Process Cluster Protocol Request-8] o.a.n.c.p.impl.SocketProtocolListener Finished processing request 543dd15a-46c4-4421-a717-413360431875 (type=HEARTBEAT, length=2235 bytes) from mynifi:8080 in 1 millis
2022-03-24 14:59:20,807 INFO [Clustering Tasks Thread-1] o.a.n.c.c.ClusterProtocolHeartbeater Heartbeat created at 2022-03-24 14:59:20,803 and sent to mynifi:8082 at 2022-03-24 14:59:20,807; send took 4 millis
2022-03-24 14:59:21,978 INFO [Heartbeat Monitor Thread-1] o.a.n.c.c.h.AbstractHeartbeatMonitor Finished processing 1 heartbeats in 9300 nanos
2022-03-24 14:59:25,813 INFO [Process Cluster Protocol Request-9] o.a.n.c.p.impl.SocketProtocolListener Finished processing request 7741f6ec-634a-469e-9af6-9f23b5d00ae5 (type=HEARTBEAT, length=2235 bytes) from mynifi:8080 in 1 millis
2022-03-24 14:59:25,814 INFO [Clustering Tasks Thread-1] o.a.n.c.c.ClusterProtocolHeartbeater Heartbeat created at 2022-03-24 14:59:25,809 and sent to mynifi:8082 at 2022-03-24 14:59:25,814; send took 4 millis
2022-03-24 14:59:26,980 INFO [Heartbeat Monitor Thread-1] o.a.n.c.c.h.AbstractHeartbeatMonitor Finished processing 1 heartbeats in 7600 nanos
2022-03-24 14:59:29,256 INFO [pool-13-thread-1] o.a.n.c.r.WriteAheadFlowFileRepository Initiating checkpoint of FlowFile Repository
2022-03-24 14:59:29,257 INFO [pool-13-thread-1] o.a.n.c.r.WriteAheadFlowFileRepository Successfully checkpointed FlowFile Repository with 0 records in 0 milliseconds
2022-03-24 14:59:30,824 INFO [Process Cluster Protocol Request-10] o.a.n.c.p.impl.SocketProtocolListener Finished processing request 05afa531-6bc1-4a74-9045-036b02c22e26 (type=HEARTBEAT, length=2235 bytes) from mynifi:8080 in 3 millis
2022-03-24 14:59:30,826 INFO [Clustering Tasks Thread-1] o.a.n.c.c.ClusterProtocolHeartbeater Heartbeat created at 2022-03-24 14:59:30,815 and sent to mynifi:8082 at 2022-03-24 14:59:30,826; send took 11 millis
2022-03-24 14:59:31,981 INFO [Heartbeat Monitor Thread-1] o.a.n.c.c.h.AbstractHeartbeatMonitor Finished processing 1 heartbeats in 8900 nanos
2022-03-24 14:59:35,833 INFO [Process Cluster Protocol Request-1] o.a.n.c.p.impl.SocketProtocolListener Finished processing request b00eb256-a643-463e-b9d7-ed82bde97d1c (type=HEARTBEAT, length=2235 bytes) from mynifi:8080 in 1 millis
2022-03-24 14:59:35,833 INFO [Clustering Tasks Thread-1] o.a.n.c.c.ClusterProtocolHeartbeater Heartbeat created at 2022-03-24 14:59:35,829 and sent to mynifi:8082 at 2022-03-24 14:59:35,833; send took 4 millis
2022-03-24 14:59:36,982 INFO [Heartbeat Monitor Thread-1] o.a.n.c.c.h.AbstractHeartbeatMonitor Finished processing 1 heartbeats in 14000 nanos
2022-03-24 14:59:40,840 INFO [Process Cluster Protocol Request-2] o.a.n.c.p.impl.SocketProtocolListener Finished processing request 12627c88-a304-40f2-889c-fddc2c71856c (type=HEARTBEAT, length=2235 bytes) from mynifi:8080 in 1 millis
2022-03-24 14:59:40,841 INFO [Clustering Tasks Thread-1] o.a.n.c.c.ClusterProtocolHeartbeater Heartbeat created at 2022-03-24 14:59:40,835 and sent to mynifi:8082 at 2022-03-24 14:59:40,841; send took 6 millis
2022-03-24 14:59:41,984 INFO [Heartbeat Monitor Thread-1] o.a.n.c.c.h.AbstractHeartbeatMonitor Finished processing 1 heartbeats in 9200 nanos
2022-03-24 14:59:45,847 INFO [Process Cluster Protocol Request-3] o.a.n.c.p.impl.SocketProtocolListener Finished processing request 9723f456-ab4c-4f0e-8ea3-0658c850b375 (type=HEARTBEAT, length=2235 bytes) from mynifi:8080 in 1 millis
2022-03-24 14:59:45,848 INFO [Clustering Tasks Thread-1] o.a.n.c.c.ClusterProtocolHeartbeater Heartbeat created at 2022-03-24 14:59:45,843 and sent to mynifi:8082 at 2022-03-24 14:59:45,848; send took 4 millis
2022-03-24 14:59:46,986 INFO [Heartbeat Monitor Thread-1] o.a.n.c.c.h.AbstractHeartbeatMonitor Finished processing 1 heartbeats in 7000 nanos
2022-03-24 14:59:49,258 INFO [pool-13-thread-1] o.a.n.c.r.WriteAheadFlowFileRepository Initiating checkpoint of FlowFile Repository
2022-03-24 14:59:49,259 INFO [pool-13-thread-1] o.a.n.c.r.WriteAheadFlowFileRepository Successfully checkpointed FlowFile Repository with 0 records in 0 milliseconds
2022-03-24 14:59:50,853 INFO [Process Cluster Protocol Request-4] o.a.n.c.p.impl.SocketProtocolListener Finished processing request 47e4a1dc-3587-468b-bdec-7e6321ff027b (type=HEARTBEAT, length=2235 bytes) from mynifi:8080 in 1 millis
2022-03-24 14:59:50,854 INFO [Clustering Tasks Thread-1] o.a.n.c.c.ClusterProtocolHeartbeater Heartbeat created at 2022-03-24 14:59:50,849 and sent to mynifi:8082 at 2022-03-24 14:59:50,854; send took 4 millis
2022-03-24 14:59:51,987 INFO [Heartbeat Monitor Thread-1] o.a.n.c.c.h.AbstractHeartbeatMonitor Finished processing 1 heartbeats in 8000 nanos
2022-03-24 14:59:55,858 INFO [Process Cluster Protocol Request-5] o.a.n.c.p.impl.SocketProtocolListener Finished processing request f6f17358-61f8-4bba-bac6-c9b5f4f49812 (type=HEARTBEAT, length=2235 bytes) from mynifi:8080 in 1 millis
2022-03-24 14:59:55,859 INFO [Clustering Tasks Thread-1] o.a.n.c.c.ClusterProtocolHeartbeater Heartbeat created at 2022-03-24 14:59:55,855 and sent to mynifi:8082 at 2022-03-24 14:59:55,859; send took 4 millis
2022-03-24 14:59:56,988 INFO [Heartbeat Monitor Thread-1] o.a.n.c.c.h.AbstractHeartbeatMonitor Finished processing 1 heartbeats in 10600 nanos
